#! /usr/local/iverilog/bin/vvp
:ivl_version "11.0 (devel)" "(s20150603-642-g3bdb50da)";
:ivl_delay_selection "TYPICAL";
:vpi_time_precision + 0;
:vpi_module "system";
:vpi_module "vhdl_sys";
:vpi_module "vhdl_textio";
:vpi_module "v2005_math";
:vpi_module "va_math";
S_0000000000873ae0 .scope module, "spi_master_tb" "spi_master_tb" 2 1;
 .timescale 0 0;
v00000000008707a0_0 .var "clk", 0 0;
v0000000000870c00_0 .var "rstn", 0 0;
v0000000000870840_0 .net "spi_busy", 0 0, L_0000000000867b60;  1 drivers
v00000000008708e0_0 .net "spi_clk", 0 0, L_0000000000868100;  1 drivers
v0000000000870a20_0 .net "spi_cs", 0 0, L_00000000008e70a0;  1 drivers
o000000000088daa8 .functor BUFZ 1, C4<z>; HiZ drive
v0000000000870ac0_0 .net "spi_miso", 0 0, o000000000088daa8;  0 drivers
v0000000000868600_0 .net "spi_mosi", 0 0, L_0000000000867ca0;  1 drivers
v0000000000868740_0 .var "tx_data", 7 0;
v0000000000867840_0 .var "tx_en", 0 0;
L_0000000001430280 .functor BUFT 1, C4<00>, C4<0>, C4<0>, C4<0>;
L_00000000008e70a0 .part L_0000000001430280, 0, 1;
S_0000000000843200 .scope task, "spi_trans" "spi_trans" 2 62, 2 62 0, S_0000000000873ae0;
 .timescale 0 0;
v0000000000870d40_0 .var "data", 7 0;
TD_spi_master_tb.spi_trans ;
    %pushi/vec4 1, 0, 1;
    %store/vec4 v0000000000867840_0, 0, 1;
    %load/vec4 v0000000000870d40_0;
    %store/vec4 v0000000000868740_0, 0, 8;
    %delay 20, 0;
    %pushi/vec4 0, 0, 1;
    %store/vec4 v0000000000867840_0, 0, 1;
    %end;
S_0000000000843390 .scope module, "u_spi" "spi_master" 2 47, 3 1 0, S_0000000000873ae0;
 .timescale 0 0;
    .port_info 0 /INPUT 1 "clk";
    .port_info 1 /INPUT 1 "rstn";
    .port_info 2 /OUTPUT 1 "SCLK";
    .port_info 3 /INPUT 1 "MISO";
    .port_info 4 /OUTPUT 1 "MOSI";
    .port_info 5 /OUTPUT 2 "CS";
    .port_info 6 /INPUT 8 "tx_data";
    .port_info 7 /INPUT 1 "tx_en";
    .port_info 8 /OUTPUT 1 "spi_busy";
P_00000000008e6350 .param/l "CLK_DIV" 0 3 27, C4<0111110100>;
P_00000000008e6388 .param/l "CPHA" 0 3 3, +C4<00000000000000000000000000000001>;
P_00000000008e63c0 .param/l "CPOL" 0 3 2, +C4<00000000000000000000000000000000>;
P_00000000008e63f8 .param/l "DONE" 0 3 74, C4<10>;
P_00000000008e6430 .param/l "IDLE" 0 3 71, C4<00>;
P_00000000008e6468 .param/l "START" 0 3 72, C4<01>;
P_00000000008e64a0 .param/l "TRANS" 0 3 73, C4<11>;
L_000000000088a570 .functor BUFZ 1, v000000000086fa80_0, C4<0>, C4<0>, C4<0>;
v0000000000870160_0 .net "CS", 1 0, L_0000000001430280;  1 drivers
v0000000000870020_0 .net "MISO", 0 0, o000000000088daa8;  alias, 0 drivers
v00000000008700c0_0 .net "MOSI", 0 0, L_0000000000867ca0;  alias, 1 drivers
v0000000000870e80_0 .net "SCLK", 0 0, L_0000000000868100;  alias, 1 drivers
L_0000000001430088 .functor BUFT 1, C4<11>, C4<0>, C4<0>, C4<0>;
v000000000086f120_0 .net/2u *"_s0", 1 0, L_0000000001430088;  1 drivers
v00000000008702a0_0 .net *"_s10", 0 0, L_0000000000867fc0;  1 drivers
v000000000086f3a0_0 .net *"_s13", 0 0, L_0000000000867a20;  1 drivers
L_0000000001430160 .functor BUFT 1, C4<0>, C4<0>, C4<0>, C4<0>;
v0000000000870980_0 .net/2u *"_s14", 0 0, L_0000000001430160;  1 drivers
v0000000000870fc0_0 .net *"_s2", 0 0, L_00000000008678e0;  1 drivers
L_00000000014301a8 .functor BUFT 1, C4<11>, C4<0>, C4<0>, C4<0>;
v000000000086f9e0_0 .net/2u *"_s20", 1 0, L_00000000014301a8;  1 drivers
v000000000086f1c0_0 .net *"_s22", 0 0, L_0000000000867ac0;  1 drivers
L_00000000014301f0 .functor BUFT 1, C4<1>, C4<0>, C4<0>, C4<0>;
v000000000086f440_0 .net/2u *"_s24", 0 0, L_00000000014301f0;  1 drivers
L_0000000001430238 .functor BUFT 1, C4<0>, C4<0>, C4<0>, C4<0>;
v0000000000870340_0 .net/2u *"_s26", 0 0, L_0000000001430238;  1 drivers
L_00000000014302c8 .functor BUFT 1, C4<10>, C4<0>, C4<0>, C4<0>;
v000000000086f4e0_0 .net/2u *"_s32", 1 0, L_00000000014302c8;  1 drivers
v000000000086f760_0 .net *"_s34", 0 0, L_0000000000867de0;  1 drivers
L_0000000001430310 .functor BUFT 1, C4<1>, C4<0>, C4<0>, C4<0>;
v000000000086f580_0 .net/2u *"_s36", 0 0, L_0000000001430310;  1 drivers
L_0000000001430358 .functor BUFT 1, C4<0>, C4<0>, C4<0>, C4<0>;
v000000000086f800_0 .net/2u *"_s38", 0 0, L_0000000001430358;  1 drivers
L_00000000014300d0 .functor BUFT 1, C4<0>, C4<0>, C4<0>, C4<0>;
v000000000086f620_0 .net/2u *"_s4", 0 0, L_00000000014300d0;  1 drivers
L_0000000001430118 .functor BUFT 1, C4<11>, C4<0>, C4<0>, C4<0>;
v0000000000870660_0 .net/2u *"_s8", 1 0, L_0000000001430118;  1 drivers
v000000000086f6c0_0 .net "clk", 0 0, v00000000008707a0_0;  1 drivers
v000000000086ff80_0 .var "clk_cnt", 9 0;
v000000000086fa80_0 .var "clk_en1", 0 0;
v0000000000870480_0 .var "clk_en2", 0 0;
v000000000086fb20_0 .var "next_state", 1 0;
v000000000086fbc0_0 .net "rstn", 0 0, v0000000000870c00_0;  1 drivers
v000000000086fda0_0 .net "spi_busy", 0 0, L_0000000000867b60;  alias, 1 drivers
v000000000086fe40_0 .var "spi_clk", 0 0;
v0000000000870ca0_0 .var "spi_clk_d", 0 0;
v000000000086fc60_0 .var "spi_data_reg", 7 0;
v000000000086fd00_0 .net "spi_done", 0 0, L_0000000000867e80;  1 drivers
v00000000008705c0_0 .net "spi_load", 0 0, L_000000000088a570;  1 drivers
v000000000086fee0_0 .var "state", 1 0;
v0000000000870520_0 .var "tx_cnt", 3 0;
v00000000008703e0_0 .net "tx_data", 7 0, v0000000000868740_0;  1 drivers
v0000000000870700_0 .net "tx_en", 0 0, v0000000000867840_0;  1 drivers
E_000000000086d640/0 .event negedge, v000000000086fbc0_0;
E_000000000086d640/1 .event posedge, v000000000086fe40_0;
E_000000000086d640 .event/or E_000000000086d640/0, E_000000000086d640/1;
E_000000000086dbc0/0 .event negedge, v000000000086fbc0_0;
E_000000000086dbc0/1 .event posedge, v000000000086f6c0_0;
E_000000000086dbc0 .event/or E_000000000086dbc0/0, E_000000000086dbc0/1;
E_000000000086d880 .event edge, v000000000086fee0_0, v0000000000870700_0, v00000000008705c0_0, v0000000000870520_0;
L_00000000008678e0 .cmp/eq 2, v000000000086fee0_0, L_0000000001430088;
L_0000000000868100 .functor MUXZ 1, L_00000000014300d0, v000000000086fe40_0, L_00000000008678e0, C4<>;
L_0000000000867fc0 .cmp/eq 2, v000000000086fee0_0, L_0000000001430118;
L_0000000000867a20 .part v000000000086fc60_0, 7, 1;
L_0000000000867ca0 .functor MUXZ 1, L_0000000001430160, L_0000000000867a20, L_0000000000867fc0, C4<>;
L_0000000000867ac0 .cmp/eq 2, v000000000086fee0_0, L_00000000014301a8;
L_0000000000867b60 .functor MUXZ 1, L_0000000001430238, L_00000000014301f0, L_0000000000867ac0, C4<>;
L_0000000000867de0 .cmp/eq 2, v000000000086fee0_0, L_00000000014302c8;
L_0000000000867e80 .functor MUXZ 1, L_0000000001430358, L_0000000001430310, L_0000000000867de0, C4<>;
    .scope S_0000000000843390;
T_1 ;
    %pushi/vec4 0, 0, 10;
    %store/vec4 v000000000086ff80_0, 0, 10;
    %end;
    .thread T_1;
    .scope S_0000000000843390;
T_2 ;
    %wait E_000000000086dbc0;
    %load/vec4 v000000000086fbc0_0;
    %inv;
    %flag_set/vec4 8;
    %jmp/0xz  T_2.0, 8;
    %pushi/vec4 0, 0, 1;
    %assign/vec4 v000000000086fa80_0, 0;
    %jmp T_2.1;
T_2.0 ;
    %load/vec4 v000000000086ff80_0;
    %pad/u 32;
    %cmpi/e 499, 0, 32;
    %jmp/0xz  T_2.2, 4;
    %pushi/vec4 1, 0, 1;
    %assign/vec4 v000000000086fa80_0, 0;
    %jmp T_2.3;
T_2.2 ;
    %pushi/vec4 0, 0, 1;
    %assign/vec4 v000000000086fa80_0, 0;
T_2.3 ;
T_2.1 ;
    %jmp T_2;
    .thread T_2;
    .scope S_0000000000843390;
T_3 ;
    %wait E_000000000086dbc0;
    %load/vec4 v000000000086fbc0_0;
    %inv;
    %flag_set/vec4 8;
    %jmp/0xz  T_3.0, 8;
    %pushi/vec4 0, 0, 1;
    %assign/vec4 v0000000000870480_0, 0;
    %jmp T_3.1;
T_3.0 ;
    %load/vec4 v000000000086ff80_0;
    %pad/u 32;
    %cmpi/e 249, 0, 32;
    %jmp/0xz  T_3.2, 4;
    %pushi/vec4 1, 0, 1;
    %assign/vec4 v0000000000870480_0, 0;
    %jmp T_3.3;
T_3.2 ;
    %pushi/vec4 0, 0, 1;
    %assign/vec4 v0000000000870480_0, 0;
T_3.3 ;
T_3.1 ;
    %jmp T_3;
    .thread T_3;
    .scope S_0000000000843390;
T_4 ;
    %wait E_000000000086dbc0;
    %load/vec4 v000000000086fbc0_0;
    %inv;
    %flag_set/vec4 8;
    %load/vec4 v000000000086ff80_0;
    %cmpi/e 500, 0, 10;
    %flag_or 4, 8;
    %jmp/0xz  T_4.0, 4;
    %pushi/vec4 0, 0, 10;
    %assign/vec4 v000000000086ff80_0, 0;
    %jmp T_4.1;
T_4.0 ;
    %load/vec4 v000000000086ff80_0;
    %addi 1, 0, 10;
    %assign/vec4 v000000000086ff80_0, 0;
T_4.1 ;
    %jmp T_4;
    .thread T_4;
    .scope S_0000000000843390;
T_5 ;
    %wait E_000000000086dbc0;
    %load/vec4 v000000000086fbc0_0;
    %inv;
    %flag_set/vec4 8;
    %load/vec4 v0000000000870700_0;
    %flag_set/vec4 9;
    %flag_or 9, 8;
    %jmp/0xz  T_5.0, 9;
    %pushi/vec4 0, 0, 1;
    %assign/vec4 v000000000086fe40_0, 0;
    %jmp T_5.1;
T_5.0 ;
    %load/vec4 v0000000000870480_0;
    %flag_set/vec4 8;
    %jmp/0xz  T_5.2, 8;
    %pushi/vec4 0, 0, 1;
    %assign/vec4 v000000000086fe40_0, 0;
    %jmp T_5.3;
T_5.2 ;
    %load/vec4 v000000000086fa80_0;
    %flag_set/vec4 8;
    %jmp/0xz  T_5.4, 8;
    %pushi/vec4 1, 0, 1;
    %assign/vec4 v000000000086fe40_0, 0;
    %jmp T_5.5;
T_5.4 ;
    %load/vec4 v000000000086fe40_0;
    %assign/vec4 v000000000086fe40_0, 0;
T_5.5 ;
T_5.3 ;
T_5.1 ;
    %jmp T_5;
    .thread T_5;
    .scope S_0000000000843390;
T_6 ;
    %wait E_000000000086dbc0;
    %load/vec4 v000000000086fbc0_0;
    %inv;
    %flag_set/vec4 8;
    %jmp/0xz  T_6.0, 8;
    %pushi/vec4 1, 0, 1;
    %assign/vec4 v0000000000870ca0_0, 0;
    %jmp T_6.1;
T_6.0 ;
    %load/vec4 v000000000086fe40_0;
    %assign/vec4 v0000000000870ca0_0, 0;
T_6.1 ;
    %jmp T_6;
    .thread T_6;
    .scope S_0000000000843390;
T_7 ;
    %wait E_000000000086dbc0;
    %load/vec4 v000000000086fbc0_0;
    %inv;
    %flag_set/vec4 8;
    %jmp/0xz  T_7.0, 8;
    %pushi/vec4 0, 0, 2;
    %assign/vec4 v000000000086fee0_0, 0;
    %jmp T_7.1;
T_7.0 ;
    %load/vec4 v000000000086fb20_0;
    %assign/vec4 v000000000086fee0_0, 0;
T_7.1 ;
    %jmp T_7;
    .thread T_7;
    .scope S_0000000000843390;
T_8 ;
    %wait E_000000000086d880;
    %pushi/vec4 0, 0, 2;
    %store/vec4 v000000000086fb20_0, 0, 2;
    %load/vec4 v000000000086fee0_0;
    %dup/vec4;
    %pushi/vec4 0, 0, 2;
    %cmp/u;
    %jmp/1 T_8.0, 6;
    %dup/vec4;
    %pushi/vec4 1, 0, 2;
    %cmp/u;
    %jmp/1 T_8.1, 6;
    %dup/vec4;
    %pushi/vec4 3, 0, 2;
    %cmp/u;
    %jmp/1 T_8.2, 6;
    %dup/vec4;
    %pushi/vec4 2, 0, 2;
    %cmp/u;
    %jmp/1 T_8.3, 6;
    %pushi/vec4 0, 0, 2;
    %store/vec4 v000000000086fb20_0, 0, 2;
    %jmp T_8.5;
T_8.0 ;
    %load/vec4 v0000000000870700_0;
    %flag_set/vec4 8;
    %jmp/0xz  T_8.6, 8;
    %pushi/vec4 1, 0, 2;
    %store/vec4 v000000000086fb20_0, 0, 2;
    %jmp T_8.7;
T_8.6 ;
    %pushi/vec4 0, 0, 2;
    %store/vec4 v000000000086fb20_0, 0, 2;
T_8.7 ;
    %jmp T_8.5;
T_8.1 ;
    %load/vec4 v00000000008705c0_0;
    %flag_set/vec4 8;
    %jmp/0xz  T_8.8, 8;
    %pushi/vec4 3, 0, 2;
    %store/vec4 v000000000086fb20_0, 0, 2;
    %jmp T_8.9;
T_8.8 ;
    %pushi/vec4 1, 0, 2;
    %store/vec4 v000000000086fb20_0, 0, 2;
T_8.9 ;
    %jmp T_8.5;
T_8.2 ;
    %load/vec4 v0000000000870520_0;
    %pad/u 32;
    %pushi/vec4 8, 0, 32;
    %cmp/e;
    %flag_get/vec4 4;
    %load/vec4 v00000000008705c0_0;
    %and;
    %flag_set/vec4 8;
    %jmp/0xz  T_8.10, 8;
    %pushi/vec4 2, 0, 2;
    %store/vec4 v000000000086fb20_0, 0, 2;
    %jmp T_8.11;
T_8.10 ;
    %pushi/vec4 3, 0, 2;
    %store/vec4 v000000000086fb20_0, 0, 2;
T_8.11 ;
    %jmp T_8.5;
T_8.3 ;
    %load/vec4 v00000000008705c0_0;
    %flag_set/vec4 8;
    %jmp/0xz  T_8.12, 8;
    %pushi/vec4 0, 0, 2;
    %store/vec4 v000000000086fb20_0, 0, 2;
    %jmp T_8.13;
T_8.12 ;
    %pushi/vec4 2, 0, 2;
    %store/vec4 v000000000086fb20_0, 0, 2;
T_8.13 ;
    %jmp T_8.5;
T_8.5 ;
    %pop/vec4 1;
    %jmp T_8;
    .thread T_8, $push;
    .scope S_0000000000843390;
T_9 ;
    %wait E_000000000086dbc0;
    %load/vec4 v000000000086fbc0_0;
    %inv;
    %flag_set/vec4 8;
    %load/vec4 v000000000086fd00_0;
    %flag_set/vec4 9;
    %flag_or 9, 8;
    %jmp/0xz  T_9.0, 9;
    %pushi/vec4 0, 0, 8;
    %assign/vec4 v000000000086fc60_0, 0;
    %jmp T_9.1;
T_9.0 ;
    %load/vec4 v0000000000870700_0;
    %flag_set/vec4 8;
    %jmp/0xz  T_9.2, 8;
    %load/vec4 v00000000008703e0_0;
    %assign/vec4 v000000000086fc60_0, 0;
    %jmp T_9.3;
T_9.2 ;
    %load/vec4 v000000000086fee0_0;
    %pushi/vec4 3, 0, 2;
    %cmp/e;
    %flag_get/vec4 4;
    %load/vec4 v00000000008705c0_0;
    %and;
    %flag_set/vec4 8;
    %jmp/0xz  T_9.4, 8;
    %load/vec4 v000000000086fc60_0;
    %parti/s 7, 0, 2;
    %concati/vec4 0, 0, 1;
    %assign/vec4 v000000000086fc60_0, 0;
    %jmp T_9.5;
T_9.4 ;
    %load/vec4 v000000000086fc60_0;
    %assign/vec4 v000000000086fc60_0, 0;
T_9.5 ;
T_9.3 ;
T_9.1 ;
    %jmp T_9;
    .thread T_9;
    .scope S_0000000000843390;
T_10 ;
    %wait E_000000000086d640;
    %load/vec4 v000000000086fbc0_0;
    %inv;
    %flag_set/vec4 8;
    %load/vec4 v0000000000870520_0;
    %pad/u 32;
    %cmpi/e 8, 0, 32;
    %flag_or 4, 8;
    %jmp/0xz  T_10.0, 4;
    %pushi/vec4 0, 0, 4;
    %assign/vec4 v0000000000870520_0, 0;
    %jmp T_10.1;
T_10.0 ;
    %load/vec4 v000000000086fee0_0;
    %cmpi/e 3, 0, 2;
    %jmp/0xz  T_10.2, 4;
    %load/vec4 v0000000000870520_0;
    %addi 1, 0, 4;
    %assign/vec4 v0000000000870520_0, 0;
    %jmp T_10.3;
T_10.2 ;
    %load/vec4 v0000000000870520_0;
    %assign/vec4 v0000000000870520_0, 0;
T_10.3 ;
T_10.1 ;
    %jmp T_10;
    .thread T_10;
    .scope S_0000000000873ae0;
T_11 ;
    %pushi/vec4 0, 0, 1;
    %store/vec4 v00000000008707a0_0, 0, 1;
    %pushi/vec4 1, 0, 1;
    %store/vec4 v0000000000870c00_0, 0, 1;
    %pushi/vec4 0, 0, 8;
    %store/vec4 v0000000000868740_0, 0, 8;
    %end;
    .thread T_11;
    .scope S_0000000000873ae0;
T_12 ;
    %pushi/vec4 0, 0, 1;
    %store/vec4 v00000000008707a0_0, 0, 1;
    %pushi/vec4 0, 0, 1;
    %store/vec4 v0000000000870c00_0, 0, 1;
    %delay 100, 0;
    %pushi/vec4 1, 0, 1;
    %store/vec4 v0000000000870c00_0, 0, 1;
    %end;
    .thread T_12;
    .scope S_0000000000873ae0;
T_13 ;
    %delay 10, 0;
    %load/vec4 v00000000008707a0_0;
    %inv;
    %store/vec4 v00000000008707a0_0, 0, 1;
    %jmp T_13;
    .thread T_13;
    .scope S_0000000000873ae0;
T_14 ;
    %pushi/vec4 0, 0, 1;
    %store/vec4 v0000000000867840_0, 0, 1;
    %end;
    .thread T_14;
    .scope S_0000000000873ae0;
T_15 ;
    %delay 10000, 0;
    %pushi/vec4 1, 0, 8;
    %store/vec4 v0000000000870d40_0, 0, 8;
    %fork TD_spi_master_tb.spi_trans, S_0000000000843200;
    %join;
    %delay 200000, 0;
    %pushi/vec4 129, 0, 8;
    %store/vec4 v0000000000870d40_0, 0, 8;
    %fork TD_spi_master_tb.spi_trans, S_0000000000843200;
    %join;
    %end;
    .thread T_15;
    .scope S_0000000000873ae0;
T_16 ;
    %vpi_call 2 38 "$dumpfile", "spi_master_sim.vcd" {0 0 0};
    %vpi_call 2 39 "$dumpvars" {0 0 0};
    %delay 1000000, 0;
    %vpi_call 2 40 "$finish" {0 0 0};
    %end;
    .thread T_16;
# The file index is used to find the file name in the following table.
:file_names 4;
    "N/A";
    "<interactive>";
    "./spi_master_tb.v";
    "./spi_master.v";
