#! /usr/local/iverilog/bin/vvp
:ivl_version "11.0 (devel)" "(s20150603-642-g3bdb50da)";
:ivl_delay_selection "TYPICAL";
:vpi_time_precision - 12;
:vpi_module "system";
:vpi_module "vhdl_sys";
:vpi_module "vhdl_textio";
:vpi_module "v2005_math";
:vpi_module "va_math";
S_000000000092e4f0 .scope module, "AXI_TB" "AXI_TB" 2 11;
 .timescale -9 -12;
P_0000000000926520 .param/l "AXI_ADDR_WIDTH" 0 2 75, +C4<00000000000000000000000000100000>;
P_0000000000926558 .param/l "AXI_BURST_LEN" 0 2 73, +C4<00000000000000000000000000010000>;
P_0000000000926590 .param/l "AXI_DATA_WIDTH" 0 2 76, +C4<00000000000000000000000000100000>;
P_00000000009265c8 .param/l "AXI_ID_WIDTH" 0 2 74, +C4<00000000000000000000000000000001>;
P_0000000000926600 .param/l "TARGET_SLAVE_BASE_ADDR" 0 2 72, C4<01000000000000000000000000000000>;
L_0000000000922610 .functor BUFZ 1, v0000000001515100_0, C4<0>, C4<0>, C4<0>;
L_0000000000921f80 .functor BUFZ 1, v00000000015138a0_0, C4<0>, C4<0>, C4<0>;
v0000000001514520_0 .net "axi_aclk", 0 0, L_0000000000922610;  1 drivers
v0000000001513c60_0 .net "axi_araddr", 31 0, L_00000000015166f0;  1 drivers
L_0000000001517f10 .functor BUFT 1, C4<01>, C4<0>, C4<0>, C4<0>;
v00000000015142a0_0 .net "axi_arburst", 1 0, L_0000000001517f10;  1 drivers
L_0000000001517fa0 .functor BUFT 1, C4<0010>, C4<0>, C4<0>, C4<0>;
v0000000001514980_0 .net "axi_arcache", 3 0, L_0000000001517fa0;  1 drivers
v0000000001514f20_0 .net "axi_aresetn", 0 0, L_0000000000921f80;  1 drivers
L_0000000001517df0 .functor BUFT 1, C4<0>, C4<0>, C4<0>, C4<0>;
v00000000015145c0_0 .net "axi_arid", 0 0, L_0000000001517df0;  1 drivers
L_0000000001517e80 .functor BUFT 1, C4<00001111>, C4<0>, C4<0>, C4<0>;
v0000000001514020_0 .net "axi_arlen", 7 0, L_0000000001517e80;  1 drivers
L_0000000001517f58 .functor BUFT 1, C4<0>, C4<0>, C4<0>, C4<0>;
v0000000001514840_0 .net "axi_arlock", 0 0, L_0000000001517f58;  1 drivers
L_0000000001517fe8 .functor BUFT 1, C4<000>, C4<0>, C4<0>, C4<0>;
v0000000001514a20_0 .net "axi_arprot", 2 0, L_0000000001517fe8;  1 drivers
L_0000000001518030 .functor BUFT 1, C4<0000>, C4<0>, C4<0>, C4<0>;
v00000000015143e0_0 .net "axi_arqos", 3 0, L_0000000001518030;  1 drivers
v0000000001514480_0 .net "axi_arready", 0 0, L_00000000008e0dd0;  1 drivers
L_0000000001518078 .functor BUFT 1, C4<0000>, C4<0>, C4<0>, C4<0>;
v00000000015152e0_0 .net "axi_arregion", 3 0, L_0000000001518078;  1 drivers
v0000000001515420_0 .net "axi_arsize", 2 0, L_0000000001515b10;  1 drivers
v0000000001514660_0 .net "axi_arvalid", 0 0, L_0000000000922680;  1 drivers
v00000000015140c0_0 .net "axi_awaddr", 31 0, L_00000000015163d0;  1 drivers
L_0000000001517bf8 .functor BUFT 1, C4<01>, C4<0>, C4<0>, C4<0>;
v0000000001515380_0 .net "axi_awburst", 1 0, L_0000000001517bf8;  1 drivers
L_0000000001517c88 .functor BUFT 1, C4<0010>, C4<0>, C4<0>, C4<0>;
v0000000001513a80_0 .net "axi_awcache", 3 0, L_0000000001517c88;  1 drivers
L_0000000001517ad8 .functor BUFT 1, C4<0>, C4<0>, C4<0>, C4<0>;
v00000000015154c0_0 .net "axi_awid", 0 0, L_0000000001517ad8;  1 drivers
L_0000000001517b68 .functor BUFT 1, C4<00001111>, C4<0>, C4<0>, C4<0>;
v0000000001513da0_0 .net "axi_awlen", 7 0, L_0000000001517b68;  1 drivers
L_0000000001517c40 .functor BUFT 1, C4<0>, C4<0>, C4<0>, C4<0>;
v0000000001514700_0 .net "axi_awlock", 0 0, L_0000000001517c40;  1 drivers
L_0000000001517cd0 .functor BUFT 1, C4<000>, C4<0>, C4<0>, C4<0>;
v00000000015147a0_0 .net "axi_awprot", 2 0, L_0000000001517cd0;  1 drivers
L_0000000001517d18 .functor BUFT 1, C4<0000>, C4<0>, C4<0>, C4<0>;
v00000000015148e0_0 .net "axi_awqos", 3 0, L_0000000001517d18;  1 drivers
v0000000001513e40_0 .net "axi_awready", 0 0, L_00000000008e1000;  1 drivers
L_0000000001517d60 .functor BUFT 1, C4<0000>, C4<0>, C4<0>, C4<0>;
v00000000015151a0_0 .net "axi_awregion", 3 0, L_0000000001517d60;  1 drivers
v0000000001513ee0_0 .net "axi_awsize", 2 0, L_0000000001516650;  1 drivers
v0000000001513f80_0 .net "axi_awvalid", 0 0, L_0000000000921b90;  1 drivers
v0000000001515560_0 .net "axi_bid", 0 0, L_00000000008e1770;  1 drivers
v0000000001515600_0 .net "axi_bready", 0 0, L_00000000009224c0;  1 drivers
v0000000001514160_0 .net "axi_bresp", 1 0, v0000000001512df0_0;  1 drivers
v0000000001513b20_0 .net "axi_bvalid", 0 0, v00000000015122b0_0;  1 drivers
v0000000001514200_0 .net "axi_rdata", 31 0, L_00000000008e1c40;  1 drivers
v0000000001514c00_0 .net "axi_rid", 0 0, L_00000000008e19a0;  1 drivers
v0000000001513760_0 .net "axi_rlast", 0 0, L_00000000008e0d60;  1 drivers
v0000000001514ca0_0 .net "axi_rready", 0 0, L_0000000000922060;  1 drivers
v0000000001514d40_0 .net "axi_rresp", 1 0, v0000000001511a90_0;  1 drivers
v0000000001513800_0 .net "axi_rvalid", 0 0, v0000000001512210_0;  1 drivers
v0000000001514de0_0 .net "axi_wdata", 31 0, v000000000090c820_0;  1 drivers
v0000000001515060_0 .net "axi_wlast", 0 0, L_00000000009228b0;  1 drivers
v0000000001514e80_0 .net "axi_wready", 0 0, L_00000000008e1150;  1 drivers
L_0000000001517da8 .functor BUFT 1, C4<1111>, C4<0>, C4<0>, C4<0>;
v0000000001515240_0 .net "axi_wstrb", 3 0, L_0000000001517da8;  1 drivers
v0000000001514fc0_0 .net "axi_wvalid", 0 0, v000000000090b4c0_0;  1 drivers
v0000000001515100_0 .var "clk", 0 0;
v00000000015138a0_0 .var "rst_n", 0 0;
v0000000001513940_0 .net "txn_done", 0 0, L_0000000000922990;  1 drivers
v0000000001517870_0 .var "txn_start", 0 0;
v00000000015177d0_0 .var "txn_type", 1 0;
S_00000000008ae4e0 .scope module, "U_M_AXI_0" "M_AXI" 2 136, 3 5 0, S_000000000092e4f0;
 .timescale 0 0;
    .port_info 0 /INPUT 1 "txn_start";
    .port_info 1 /INPUT 2 "txn_type";
    .port_info 2 /OUTPUT 1 "txn_done";
    .port_info 3 /INPUT 1 "m_axi_aclk";
    .port_info 4 /INPUT 1 "m_axi_aresetn";
    .port_info 5 /OUTPUT 1 "m_axi_awid";
    .port_info 6 /OUTPUT 32 "m_axi_awaddr";
    .port_info 7 /OUTPUT 8 "m_axi_awlen";
    .port_info 8 /OUTPUT 3 "m_axi_awsize";
    .port_info 9 /OUTPUT 2 "m_axi_awburst";
    .port_info 10 /OUTPUT 1 "m_axi_awlock";
    .port_info 11 /OUTPUT 4 "m_axi_awcache";
    .port_info 12 /OUTPUT 3 "m_axi_awprot";
    .port_info 13 /OUTPUT 4 "m_axi_awqos";
    .port_info 14 /OUTPUT 4 "m_axi_awregion";
    .port_info 15 /OUTPUT 1 "m_axi_awvalid";
    .port_info 16 /INPUT 1 "m_axi_awready";
    .port_info 17 /OUTPUT 32 "m_axi_wdata";
    .port_info 18 /OUTPUT 4 "m_axi_wstrb";
    .port_info 19 /OUTPUT 1 "m_axi_wlast";
    .port_info 20 /OUTPUT 1 "m_axi_wvalid";
    .port_info 21 /INPUT 1 "m_axi_wready";
    .port_info 22 /INPUT 1 "m_axi_bid";
    .port_info 23 /INPUT 2 "m_axi_bresp";
    .port_info 24 /INPUT 1 "m_axi_bvalid";
    .port_info 25 /OUTPUT 1 "m_axi_bready";
    .port_info 26 /OUTPUT 1 "m_axi_arid";
    .port_info 27 /OUTPUT 32 "m_axi_araddr";
    .port_info 28 /OUTPUT 8 "m_axi_arlen";
    .port_info 29 /OUTPUT 3 "m_axi_arsize";
    .port_info 30 /OUTPUT 2 "m_axi_arburst";
    .port_info 31 /OUTPUT 1 "m_axi_arlock";
    .port_info 32 /OUTPUT 4 "m_axi_arcache";
    .port_info 33 /OUTPUT 3 "m_axi_arprot";
    .port_info 34 /OUTPUT 4 "m_axi_arqos";
    .port_info 35 /OUTPUT 4 "m_axi_arregion";
    .port_info 36 /OUTPUT 1 "m_axi_arvalid";
    .port_info 37 /INPUT 1 "m_axi_arready";
    .port_info 38 /INPUT 1 "m_axi_rid";
    .port_info 39 /INPUT 32 "m_axi_rdata";
    .port_info 40 /INPUT 2 "m_axi_rresp";
    .port_info 41 /INPUT 1 "m_axi_rlast";
    .port_info 42 /INPUT 1 "m_axi_rvalid";
    .port_info 43 /OUTPUT 1 "m_axi_rready";
P_00000000008ae670 .param/l "IDLE" 0 3 79, C4<00>;
P_00000000008ae6a8 .param/l "M_AXI_ADDR_WIDTH" 0 3 9, +C4<00000000000000000000000000100000>;
P_00000000008ae6e0 .param/l "M_AXI_BURST_LEN" 0 3 7, +C4<00000000000000000000000000010000>;
P_00000000008ae718 .param/l "M_AXI_DATA_WIDTH" 0 3 10, +C4<00000000000000000000000000100000>;
P_00000000008ae750 .param/l "M_AXI_ID_WIDTH" 0 3 8, +C4<00000000000000000000000000000001>;
P_00000000008ae788 .param/l "M_TARGET_SLAVE_BASE_ADDR" 0 3 6, C4<01000000000000000000000000000000>;
P_00000000008ae7c0 .param/l "READ" 0 3 81, C4<10>;
P_00000000008ae7f8 .param/l "TRANSACTIONS_NUM_WIDTH" 1 3 77, +C4<00000000000000000000000000000100>;
P_00000000008ae830 .param/l "WRITE" 0 3 80, C4<01>;
L_0000000000921b90 .functor BUFZ 1, v00000000009212d0_0, C4<0>, C4<0>, C4<0>;
L_00000000009228b0 .functor BUFZ 1, v000000000090b7e0_0, C4<0>, C4<0>, C4<0>;
L_00000000009224c0 .functor BUFZ 1, v0000000000921370_0, C4<0>, C4<0>, C4<0>;
L_0000000000922680 .functor BUFZ 1, v0000000000921230_0, C4<0>, C4<0>, C4<0>;
L_0000000000922060 .functor BUFZ 1, v0000000000921410_0, C4<0>, C4<0>, C4<0>;
L_00000000009223e0 .functor NOT 1, v000000000090b240_0, C4<0>, C4<0>, C4<0>;
L_0000000000922450 .functor NOT 1, v000000000090b6a0_0, C4<0>, C4<0>, C4<0>;
L_0000000000922990 .functor AND 1, L_00000000009223e0, L_0000000000922450, C4<1>, C4<1>;
L_0000000000921c00 .functor AND 1, L_0000000001515ed0, v000000000150c420_0, C4<1>, C4<1>;
L_0000000000921ce0 .functor AND 1, v0000000000921370_0, v00000000015122b0_0, C4<1>, C4<1>;
L_00000000009226f0 .functor AND 1, L_0000000000921ce0, L_0000000001515c50, C4<1>, C4<1>;
L_00000000009220d0 .functor AND 1, v0000000000921410_0, v0000000001512210_0, C4<1>, C4<1>;
L_0000000000922140 .functor AND 1, L_00000000009220d0, L_0000000001516010, C4<1>, C4<1>;
v0000000000920dd0_0 .net *"_s11", 31 0, L_0000000001516c90;  1 drivers
L_0000000001517b20 .functor BUFT 1, C4<01000000000000000000000000000000>, C4<0>, C4<0>, C4<0>;
v00000000009208d0_0 .net/2u *"_s2", 31 0, L_0000000001517b20;  1 drivers
L_0000000001517e38 .functor BUFT 1, C4<01000000000000000000000000000000>, C4<0>, C4<0>, C4<0>;
v0000000000920330_0 .net/2u *"_s40", 31 0, L_0000000001517e38;  1 drivers
L_0000000001517ec8 .functor BUFT 1, C4<00000000000000000000000000000011>, C4<0>, C4<0>, C4<0>;
v0000000000920650_0 .net/2s *"_s46", 31 0, L_0000000001517ec8;  1 drivers
v0000000000920d30_0 .net *"_s49", 31 0, L_0000000001516d30;  1 drivers
v00000000009210f0_0 .net *"_s68", 0 0, L_00000000009223e0;  1 drivers
v0000000000921910_0 .net *"_s70", 0 0, L_0000000000922450;  1 drivers
v0000000000920e70_0 .net *"_s77", 0 0, L_0000000001515ed0;  1 drivers
L_0000000001517bb0 .functor BUFT 1, C4<00000000000000000000000000000011>, C4<0>, C4<0>, C4<0>;
v000000000091fe30_0 .net/2s *"_s8", 31 0, L_0000000001517bb0;  1 drivers
v000000000091fc50_0 .net *"_s80", 0 0, L_0000000000921ce0;  1 drivers
v0000000000920f10_0 .net *"_s83", 0 0, L_0000000001515c50;  1 drivers
v000000000091fed0_0 .net *"_s86", 0 0, L_00000000009220d0;  1 drivers
v0000000000921050_0 .net *"_s89", 0 0, L_0000000001516010;  1 drivers
v0000000000921190_0 .var "axi_araddr", 31 0;
v0000000000921230_0 .var "axi_arvalid", 0 0;
v0000000000920010_0 .var "axi_awaddr", 31 0;
v00000000009212d0_0 .var "axi_awvalid", 0 0;
v0000000000921370_0 .var "axi_bready", 0 0;
v0000000000921410_0 .var "axi_rready", 0 0;
v000000000090c820_0 .var "axi_wdata", 31 0;
v000000000090b7e0_0 .var "axi_wlast", 0 0;
v000000000090b4c0_0 .var "axi_wvalid", 0 0;
v000000000090b6a0_0 .var "burst_read_active", 0 0;
L_00000000015180c0 .functor BUFT 1, C4<1000000>, C4<0>, C4<0>, C4<0>;
v000000000090b880_0 .net "burst_size_bytes", 6 0, L_00000000015180c0;  1 drivers
v000000000090b240_0 .var "burst_write_active", 0 0;
v000000000090bce0_0 .net "m_axi_aclk", 0 0, L_0000000000922610;  alias, 1 drivers
v000000000090ba60_0 .net "m_axi_araddr", 31 0, L_00000000015166f0;  alias, 1 drivers
v000000000090b2e0_0 .net "m_axi_arburst", 1 0, L_0000000001517f10;  alias, 1 drivers
v000000000090c000_0 .net "m_axi_arcache", 3 0, L_0000000001517fa0;  alias, 1 drivers
v000000000090be20_0 .net "m_axi_aresetn", 0 0, L_0000000000921f80;  alias, 1 drivers
v000000000090b380_0 .net "m_axi_arid", 0 0, L_0000000001517df0;  alias, 1 drivers
v000000000090c0a0_0 .net "m_axi_arlen", 7 0, L_0000000001517e80;  alias, 1 drivers
v000000000090b600_0 .net "m_axi_arlock", 0 0, L_0000000001517f58;  alias, 1 drivers
v000000000090c140_0 .net "m_axi_arprot", 2 0, L_0000000001517fe8;  alias, 1 drivers
v000000000090c8c0_0 .net "m_axi_arqos", 3 0, L_0000000001518030;  alias, 1 drivers
v000000000150d1e0_0 .net "m_axi_arready", 0 0, L_00000000008e0dd0;  alias, 1 drivers
v000000000150cb00_0 .net "m_axi_arregion", 3 0, L_0000000001518078;  alias, 1 drivers
v000000000150c6a0_0 .net "m_axi_arsize", 2 0, L_0000000001515b10;  alias, 1 drivers
v000000000150d280_0 .net "m_axi_arvalid", 0 0, L_0000000000922680;  alias, 1 drivers
v000000000150daa0_0 .net "m_axi_awaddr", 31 0, L_00000000015163d0;  alias, 1 drivers
v000000000150cba0_0 .net "m_axi_awburst", 1 0, L_0000000001517bf8;  alias, 1 drivers
v000000000150c4c0_0 .net "m_axi_awcache", 3 0, L_0000000001517c88;  alias, 1 drivers
v000000000150c560_0 .net "m_axi_awid", 0 0, L_0000000001517ad8;  alias, 1 drivers
v000000000150d320_0 .net "m_axi_awlen", 7 0, L_0000000001517b68;  alias, 1 drivers
v000000000150d8c0_0 .net "m_axi_awlock", 0 0, L_0000000001517c40;  alias, 1 drivers
v000000000150d500_0 .net "m_axi_awprot", 2 0, L_0000000001517cd0;  alias, 1 drivers
v000000000150dd20_0 .net "m_axi_awqos", 3 0, L_0000000001517d18;  alias, 1 drivers
v000000000150c740_0 .net "m_axi_awready", 0 0, L_00000000008e1000;  alias, 1 drivers
v000000000150c100_0 .net "m_axi_awregion", 3 0, L_0000000001517d60;  alias, 1 drivers
v000000000150d5a0_0 .net "m_axi_awsize", 2 0, L_0000000001516650;  alias, 1 drivers
v000000000150c600_0 .net "m_axi_awvalid", 0 0, L_0000000000921b90;  alias, 1 drivers
v000000000150cec0_0 .net "m_axi_bid", 0 0, L_00000000008e1770;  alias, 1 drivers
v000000000150ddc0_0 .net "m_axi_bready", 0 0, L_00000000009224c0;  alias, 1 drivers
v000000000150d0a0_0 .net "m_axi_bresp", 1 0, v0000000001512df0_0;  alias, 1 drivers
v000000000150c7e0_0 .net "m_axi_bvalid", 0 0, v00000000015122b0_0;  alias, 1 drivers
v000000000150c880_0 .net "m_axi_rdata", 31 0, L_00000000008e1c40;  alias, 1 drivers
v000000000150de60_0 .net "m_axi_rid", 0 0, L_00000000008e19a0;  alias, 1 drivers
v000000000150d3c0_0 .net "m_axi_rlast", 0 0, L_00000000008e0d60;  alias, 1 drivers
v000000000150c2e0_0 .net "m_axi_rready", 0 0, L_0000000000922060;  alias, 1 drivers
v000000000150c060_0 .net "m_axi_rresp", 1 0, v0000000001511a90_0;  alias, 1 drivers
v000000000150dbe0_0 .net "m_axi_rvalid", 0 0, v0000000001512210_0;  alias, 1 drivers
v000000000150c920_0 .net "m_axi_wdata", 31 0, v000000000090c820_0;  alias, 1 drivers
v000000000150c380_0 .net "m_axi_wlast", 0 0, L_00000000009228b0;  alias, 1 drivers
v000000000150ce20_0 .net "m_axi_wready", 0 0, L_00000000008e1150;  alias, 1 drivers
v000000000150df00_0 .net "m_axi_wstrb", 3 0, L_0000000001517da8;  alias, 1 drivers
v000000000150cd80_0 .net "m_axi_wvalid", 0 0, v000000000090b4c0_0;  alias, 1 drivers
v000000000150cc40_0 .var "mst_exestate", 1 0;
v000000000150c1a0_0 .var "read_index", 4 0;
v000000000150c240_0 .net "read_resp_error", 0 0, L_0000000000922140;  1 drivers
v000000000150d960_0 .var "reads_done", 0 0;
v000000000150cf60_0 .var "start_single_burst_read", 0 0;
v000000000150dc80_0 .var "start_single_burst_write", 0 0;
v000000000150d460_0 .net "txn_done", 0 0, L_0000000000922990;  alias, 1 drivers
v000000000150d140_0 .net "txn_start", 0 0, v0000000001517870_0;  1 drivers
v000000000150c420_0 .var "txn_start_ff", 0 0;
v000000000150c9c0_0 .var "txn_start_ff2", 0 0;
v000000000150ca60_0 .net "txn_start_pulse", 0 0, L_0000000000921c00;  1 drivers
v000000000150cce0_0 .net "txn_type", 1 0, v00000000015177d0_0;  1 drivers
v000000000150d640_0 .var "write_index", 4 0;
v000000000150d6e0_0 .net "write_resp_error", 0 0, L_00000000009226f0;  1 drivers
v000000000150d000_0 .var "writes_done", 0 0;
E_00000000014a8780 .event posedge, v000000000090bce0_0;
L_00000000015163d0 .arith/sum 32, L_0000000001517b20, v0000000000920010_0;
L_0000000001516c90 .ufunc/vec4 TD_AXI_TB.U_M_AXI_0.clogb2, 32, L_0000000001517bb0 (v0000000000920c90_0) S_0000000000843240;
L_0000000001516650 .part L_0000000001516c90, 0, 3;
L_00000000015166f0 .arith/sum 32, L_0000000001517e38, v0000000000921190_0;
L_0000000001516d30 .ufunc/vec4 TD_AXI_TB.U_M_AXI_0.clogb2, 32, L_0000000001517ec8 (v0000000000920c90_0) S_0000000000843240;
L_0000000001515b10 .part L_0000000001516d30, 0, 3;
L_0000000001515ed0 .reduce/nor v000000000150c9c0_0;
L_0000000001515c50 .part v0000000001512df0_0, 1, 1;
L_0000000001516010 .part v0000000001511a90_0, 1, 1;
S_0000000000843240 .scope function.vec4.u32, "clogb2" "clogb2" 3 68, 3 68 0, S_00000000008ae4e0;
 .timescale 0 0;
v0000000000920c90_0 .var/i "bit_depth", 31 0;
; Variable clogb2 is vec4 return value of scope S_0000000000843240
TD_AXI_TB.U_M_AXI_0.clogb2 ;
    %pushi/vec4 0, 0, 32;
    %ret/vec4 0, 0, 32;  Assign to clogb2 (store_vec4_to_lval)
T_0.0 ;
    %load/vec4 v0000000000920c90_0;
    %cmpi/s 0, 0, 32;
    %flag_or 5, 4; GT is !LE
    %flag_inv 5;
    %jmp/0xz T_0.1, 5;
    %load/vec4 v0000000000920c90_0;
    %ix/load 4, 1, 0;
    %flag_set/imm 4, 0;
    %shiftr 4;
    %store/vec4 v0000000000920c90_0, 0, 32;
    %retload/vec4 0; Load clogb2 (draw_signal_vec4)
    %addi 1, 0, 32;
    %ret/vec4 0, 0, 32;  Assign to clogb2 (store_vec4_to_lval)
    %jmp T_0.0;
T_0.1 ;
    %end;
S_000000000092ece0 .scope module, "U_S_AXI_0" "axi_ram" 2 189, 4 34 0, S_000000000092e4f0;
 .timescale -9 -12;
    .port_info 0 /INPUT 1 "s_axi_aclk";
    .port_info 1 /INPUT 1 "s_axi_aresetn";
    .port_info 2 /INPUT 1 "s_axi_awid";
    .port_info 3 /INPUT 32 "s_axi_awaddr";
    .port_info 4 /INPUT 8 "s_axi_awlen";
    .port_info 5 /INPUT 3 "s_axi_awsize";
    .port_info 6 /INPUT 2 "s_axi_awburst";
    .port_info 7 /INPUT 3 "s_axi_awprot";
    .port_info 8 /INPUT 4 "s_axi_awcache";
    .port_info 9 /INPUT 1 "s_axi_awlock";
    .port_info 10 /INPUT 1 "s_axi_awvalid";
    .port_info 11 /OUTPUT 1 "s_axi_awready";
    .port_info 12 /INPUT 4 "s_axi_awqos";
    .port_info 13 /INPUT 4 "s_axi_awregion";
    .port_info 14 /OUTPUT 1 "s_axi_bid";
    .port_info 15 /OUTPUT 2 "s_axi_bresp";
    .port_info 16 /OUTPUT 1 "s_axi_bvalid";
    .port_info 17 /INPUT 1 "s_axi_bready";
    .port_info 18 /INPUT 32 "s_axi_wdata";
    .port_info 19 /INPUT 4 "s_axi_wstrb";
    .port_info 20 /INPUT 1 "s_axi_wlast";
    .port_info 21 /INPUT 1 "s_axi_wvalid";
    .port_info 22 /OUTPUT 1 "s_axi_wready";
    .port_info 23 /INPUT 1 "s_axi_arid";
    .port_info 24 /INPUT 32 "s_axi_araddr";
    .port_info 25 /INPUT 8 "s_axi_arlen";
    .port_info 26 /INPUT 3 "s_axi_arsize";
    .port_info 27 /INPUT 2 "s_axi_arburst";
    .port_info 28 /INPUT 3 "s_axi_arprot";
    .port_info 29 /INPUT 4 "s_axi_arcache";
    .port_info 30 /INPUT 1 "s_axi_arlock";
    .port_info 31 /INPUT 1 "s_axi_arvalid";
    .port_info 32 /OUTPUT 1 "s_axi_arready";
    .port_info 33 /INPUT 4 "s_axi_arqos";
    .port_info 34 /INPUT 4 "s_axi_arregion";
    .port_info 35 /OUTPUT 1 "s_axi_rid";
    .port_info 36 /OUTPUT 32 "s_axi_rdata";
    .port_info 37 /OUTPUT 2 "s_axi_rresp";
    .port_info 38 /OUTPUT 1 "s_axi_rlast";
    .port_info 39 /OUTPUT 1 "s_axi_rvalid";
    .port_info 40 /INPUT 1 "s_axi_rready";
P_00000000008dcde0 .param/l "ADDR_LSB" 1 4 106, +C4<00000000000000000000000000000010>;
P_00000000008dce18 .param/l "ADDR_WIDTH" 0 4 39, +C4<00000000000000000000000000100000>;
P_00000000008dce50 .param/l "DATA_WIDTH" 0 4 37, +C4<00000000000000000000000000100000>;
P_00000000008dce88 .param/l "ID_WIDTH" 0 4 41, +C4<00000000000000000000000000000001>;
P_00000000008dcec0 .param/l "MEM_ADDR_WIDTH" 1 4 107, +C4<00000000000000000000000000000101>;
P_00000000008dcef8 .param/l "MEM_BYTE_NUM" 1 4 109, +C4<00000000000000000000000001000000>;
P_00000000008dcf30 .param/l "MEM_NUM" 1 4 108, +C4<00000000000000000000000000000001>;
P_00000000008dcf68 .param/l "STRB_WIDTH" 0 4 43, +C4<00000000000000000000000000000100>;
P_00000000008dcfa0 .param/l "VALID_ADDR_WIDTH" 0 4 102, +C4<000000000000000000000000000011110>;
P_00000000008dcfd8 .param/l "WORD_SIZE" 0 4 104, +C4<00000000000000000000000000001000>;
P_00000000008dd010 .param/l "WORD_WIDTH" 0 4 103, +C4<00000000000000000000000000000100>;
L_00000000008e1000 .functor BUFZ 1, v0000000001512170_0, C4<0>, C4<0>, C4<0>;
L_00000000008e1150 .functor BUFZ 1, v0000000001512ad0_0, C4<0>, C4<0>, C4<0>;
L_00000000008e0dd0 .functor BUFZ 1, v0000000001510110_0, C4<0>, C4<0>, C4<0>;
L_00000000008e1c40 .functor BUFZ 32, v00000000015128f0_0, C4<00000000000000000000000000000000>, C4<00000000000000000000000000000000>, C4<00000000000000000000000000000000>;
L_00000000008e0d60 .functor BUFZ 1, v0000000001512530_0, C4<0>, C4<0>, C4<0>;
L_00000000008e1770 .functor BUFZ 1, L_0000000001517ad8, C4<0>, C4<0>, C4<0>;
L_00000000008e19a0 .functor BUFZ 1, L_0000000001517df0, C4<0>, C4<0>, C4<0>;
L_00000000008e0e40 .functor AND 32, v000000000150edb0_0, L_0000000001517190, C4<11111111111111111111111111111111>, C4<11111111111111111111111111111111>;
L_00000000008e15b0 .functor AND 32, v000000000150ea90_0, L_00000000015165b0, C4<11111111111111111111111111111111>, C4<11111111111111111111111111111111>;
v000000000150f530_0 .net *"_s2", 5 0, L_0000000001517050;  1 drivers
L_0000000001518270 .functor BUFT 1, C4<00000000000000000000000000000100>, C4<0>, C4<0>, C4<0>;
v000000000150e6d0_0 .net/2u *"_s32", 31 0, L_0000000001518270;  1 drivers
v000000000150f990_0 .net *"_s34", 31 0, L_0000000001516830;  1 drivers
L_00000000015182b8 .functor BUFT 1, C4<000000000000000000000000>, C4<0>, C4<0>, C4<0>;
v000000000150f5d0_0 .net *"_s37", 23 0, L_00000000015182b8;  1 drivers
L_0000000001518300 .functor BUFT 1, C4<00000000000000000000000000000100>, C4<0>, C4<0>, C4<0>;
v000000000150f670_0 .net/2u *"_s40", 31 0, L_0000000001518300;  1 drivers
v000000000150ec70_0 .net *"_s42", 31 0, L_0000000001516dd0;  1 drivers
L_0000000001518348 .functor BUFT 1, C4<000000000000000000000000>, C4<0>, C4<0>, C4<0>;
v000000000150fc10_0 .net *"_s45", 23 0, L_0000000001518348;  1 drivers
v000000000150f030_0 .net *"_s48", 31 0, L_00000000008e0e40;  1 drivers
v000000000150e770_0 .net *"_s50", 0 0, L_00000000015168d0;  1 drivers
L_0000000001518390 .functor BUFT 1, C4<1>, C4<0>, C4<0>, C4<0>;
v000000000150ebd0_0 .net/2u *"_s52", 0 0, L_0000000001518390;  1 drivers
L_00000000015183d8 .functor BUFT 1, C4<0>, C4<0>, C4<0>, C4<0>;
v000000000150e810_0 .net/2u *"_s54", 0 0, L_00000000015183d8;  1 drivers
v000000000150ef90_0 .net *"_s58", 31 0, L_00000000008e15b0;  1 drivers
v000000000150fcb0_0 .net *"_s60", 0 0, L_0000000001516970;  1 drivers
L_0000000001518420 .functor BUFT 1, C4<1>, C4<0>, C4<0>, C4<0>;
v000000000150fd50_0 .net/2u *"_s62", 0 0, L_0000000001518420;  1 drivers
L_0000000001518468 .functor BUFT 1, C4<0>, C4<0>, C4<0>, C4<0>;
v000000000150fdf0_0 .net/2u *"_s64", 0 0, L_0000000001518468;  1 drivers
v000000000150f0d0_0 .net "ar_wrap_en", 0 0, L_0000000001516a10;  1 drivers
v000000000150e9f0_0 .net "ar_wrap_size", 31 0, L_00000000015165b0;  1 drivers
v000000000150f210_0 .net "aw_wrap_en", 0 0, L_0000000001516e70;  1 drivers
v000000000150ee50_0 .net "aw_wrap_size", 31 0, L_0000000001517190;  1 drivers
v000000000150ea90_0 .var "axi_araddr", 31 0;
v000000000150ed10_0 .var "axi_arburst", 1 0;
v00000000015102f0_0 .var "axi_arlen", 7 0;
v0000000001510110_0 .var "axi_arready", 0 0;
v000000000150edb0_0 .var "axi_awaddr", 31 0;
v00000000015101b0_0 .var "axi_awburst", 1 0;
v00000000015120d0_0 .var "axi_awlen", 7 0;
v0000000001512170_0 .var "axi_awready", 0 0;
v0000000001512df0_0 .var "axi_bresp", 1 0;
v00000000015122b0_0 .var "axi_bvalid", 0 0;
v00000000015128f0_0 .var "axi_rdata", 31 0;
v0000000001512530_0 .var "axi_rlast", 0 0;
v0000000001511a90_0 .var "axi_rresp", 1 0;
v0000000001512210_0 .var "axi_rvalid", 0 0;
v0000000001512ad0_0 .var "axi_wready", 0 0;
v0000000001512d50_0 .var "burst_read_active", 0 0;
v00000000015119f0_0 .var "burst_write_active", 0 0;
v0000000001512990 .array "mem", 0 4, 31 0;
v0000000001512cb0_0 .net "mem_address", 5 0, L_0000000001515d90;  1 drivers
v0000000001511310_0 .var "read_index", 7 0;
v0000000001511450_0 .net "s_axi_aclk", 0 0, L_0000000000922610;  alias, 1 drivers
v0000000001512350_0 .net "s_axi_araddr", 31 0, L_00000000015166f0;  alias, 1 drivers
v0000000001511c70_0 .net "s_axi_arburst", 1 0, L_0000000001517f10;  alias, 1 drivers
v0000000001512e90_0 .net "s_axi_arcache", 3 0, L_0000000001517fa0;  alias, 1 drivers
v00000000015123f0_0 .net "s_axi_aresetn", 0 0, L_0000000000921f80;  alias, 1 drivers
v0000000001512490_0 .net "s_axi_arid", 0 0, L_0000000001517df0;  alias, 1 drivers
v00000000015114f0_0 .net "s_axi_arlen", 7 0, L_0000000001517e80;  alias, 1 drivers
v0000000001511950_0 .net "s_axi_arlock", 0 0, L_0000000001517f58;  alias, 1 drivers
v0000000001511590_0 .net "s_axi_arprot", 2 0, L_0000000001517fe8;  alias, 1 drivers
v00000000015125d0_0 .net "s_axi_arqos", 3 0, L_0000000001518030;  alias, 1 drivers
v0000000001512a30_0 .net "s_axi_arready", 0 0, L_00000000008e0dd0;  alias, 1 drivers
v0000000001512670_0 .net "s_axi_arregion", 3 0, L_0000000001518078;  alias, 1 drivers
v0000000001512f30_0 .net "s_axi_arsize", 2 0, L_0000000001515b10;  alias, 1 drivers
v0000000001511770_0 .net "s_axi_arvalid", 0 0, L_0000000000922680;  alias, 1 drivers
v00000000015111d0_0 .net "s_axi_awaddr", 31 0, L_00000000015163d0;  alias, 1 drivers
v0000000001512710_0 .net "s_axi_awburst", 1 0, L_0000000001517bf8;  alias, 1 drivers
v00000000015116d0_0 .net "s_axi_awcache", 3 0, L_0000000001517c88;  alias, 1 drivers
v00000000015127b0_0 .net "s_axi_awid", 0 0, L_0000000001517ad8;  alias, 1 drivers
v0000000001511b30_0 .net "s_axi_awlen", 7 0, L_0000000001517b68;  alias, 1 drivers
v0000000001511130_0 .net "s_axi_awlock", 0 0, L_0000000001517c40;  alias, 1 drivers
v0000000001511810_0 .net "s_axi_awprot", 2 0, L_0000000001517cd0;  alias, 1 drivers
v0000000001511bd0_0 .net "s_axi_awqos", 3 0, L_0000000001517d18;  alias, 1 drivers
v0000000001512850_0 .net "s_axi_awready", 0 0, L_00000000008e1000;  alias, 1 drivers
v0000000001512fd0_0 .net "s_axi_awregion", 3 0, L_0000000001517d60;  alias, 1 drivers
v0000000001511270_0 .net "s_axi_awsize", 2 0, L_0000000001516650;  alias, 1 drivers
v0000000001511d10_0 .net "s_axi_awvalid", 0 0, L_0000000000921b90;  alias, 1 drivers
v0000000001511db0_0 .net "s_axi_bid", 0 0, L_00000000008e1770;  alias, 1 drivers
v00000000015113b0_0 .net "s_axi_bready", 0 0, L_00000000009224c0;  alias, 1 drivers
v0000000001511e50_0 .net "s_axi_bresp", 1 0, v0000000001512df0_0;  alias, 1 drivers
v0000000001512b70_0 .net "s_axi_bvalid", 0 0, v00000000015122b0_0;  alias, 1 drivers
v0000000001511630_0 .net "s_axi_rdata", 31 0, L_00000000008e1c40;  alias, 1 drivers
v00000000015118b0_0 .net "s_axi_rid", 0 0, L_00000000008e19a0;  alias, 1 drivers
v0000000001511ef0_0 .net "s_axi_rlast", 0 0, L_00000000008e0d60;  alias, 1 drivers
v0000000001511f90_0 .net "s_axi_rready", 0 0, L_0000000000922060;  alias, 1 drivers
v0000000001512030_0 .net "s_axi_rresp", 1 0, v0000000001511a90_0;  alias, 1 drivers
v0000000001512c10_0 .net "s_axi_rvalid", 0 0, v0000000001512210_0;  alias, 1 drivers
v0000000001514340_0 .net "s_axi_wdata", 31 0, v000000000090c820_0;  alias, 1 drivers
v0000000001514ac0_0 .net "s_axi_wlast", 0 0, L_00000000009228b0;  alias, 1 drivers
v00000000015139e0_0 .net "s_axi_wready", 0 0, L_00000000008e1150;  alias, 1 drivers
v0000000001514b60_0 .net "s_axi_wstrb", 3 0, L_0000000001517da8;  alias, 1 drivers
v0000000001513bc0_0 .net "s_axi_wvalid", 0 0, v000000000090b4c0_0;  alias, 1 drivers
v0000000001513d00_0 .var "write_index", 7 0;
v0000000001512990_0 .array/port v0000000001512990, 0;
E_00000000014a8480 .event edge, v0000000001512990_0;
L_0000000001517410 .part v000000000150ea90_0, 2, 6;
L_0000000001515f70 .part v000000000150edb0_0, 2, 6;
L_0000000001518108 .functor BUFT 1, C4<000000>, C4<0>, C4<0>, C4<0>;
L_0000000001517050 .functor MUXZ 6, L_0000000001518108, L_0000000001515f70, v00000000015119f0_0, C4<>;
L_0000000001515d90 .functor MUXZ 6, L_0000000001517050, L_0000000001517410, v0000000001512d50_0, C4<>;
L_0000000001517550 .part v000000000090c820_0, 0, 8;
L_00000000015160b0 .part v000000000090c820_0, 8, 8;
L_0000000001516150 .part v000000000090c820_0, 16, 8;
L_0000000001515cf0 .part v000000000090c820_0, 24, 8;
L_0000000001516830 .concat [ 8 24 0 0], v00000000015120d0_0, L_00000000015182b8;
L_0000000001517190 .arith/mult 32, L_0000000001518270, L_0000000001516830;
L_0000000001516dd0 .concat [ 8 24 0 0], v00000000015102f0_0, L_0000000001518348;
L_00000000015165b0 .arith/mult 32, L_0000000001518300, L_0000000001516dd0;
L_00000000015168d0 .cmp/eq 32, L_00000000008e0e40, L_0000000001517190;
L_0000000001516e70 .functor MUXZ 1, L_00000000015183d8, L_0000000001518390, L_00000000015168d0, C4<>;
L_0000000001516970 .cmp/eq 32, L_00000000008e15b0, L_00000000015165b0;
L_0000000001516a10 .functor MUXZ 1, L_0000000001518468, L_0000000001518420, L_0000000001516970, C4<>;
S_000000000150e2c0 .scope generate, "BRAM_GEN[0]" "BRAM_GEN[0]" 4 397, 4 397 0, S_000000000092ece0;
 .timescale -9 -12;
P_00000000014a8e00 .param/l "mem_index" 0 4 397, +C4<00>;
L_0000000000922760 .functor AND 1, v0000000001512ad0_0, v000000000090b4c0_0, C4<1>, C4<1>;
L_0000000000921d50 .functor BUFZ 1, v0000000001512d50_0, C4<0>, C4<0>, C4<0>;
v000000000150f2b0_0 .net "mem_rden", 0 0, L_0000000000921d50;  1 drivers
v000000000150e950_0 .net "mem_wren", 0 0, L_0000000000922760;  1 drivers
S_000000000150e450 .scope generate, "BYTE_BRAM_GEN[0]" "BYTE_BRAM_GEN[0]" 4 404, 4 404 0, S_000000000150e2c0;
 .timescale -9 -12;
P_00000000014a8e80 .param/l "mem_byte_index" 0 4 404, +C4<00>;
L_0000000000921dc0 .functor BUFZ 8, L_0000000001516470, C4<00000000>, C4<00000000>, C4<00000000>;
v000000000150d780_0 .net *"_s1", 7 0, L_0000000001516470;  1 drivers
v000000000150d820_0 .net *"_s3", 7 0, L_0000000001517910;  1 drivers
L_0000000001518150 .functor BUFT 1, C4<00>, C4<0>, C4<0>, C4<0>;
v000000000150da00_0 .net *"_s6", 1 0, L_0000000001518150;  1 drivers
v000000000150db40 .array "byte_ram", 63 0, 7 0;
v000000000150f7b0_0 .net "data_in", 7 0, L_0000000001517550;  1 drivers
v000000000150f710_0 .net "data_out", 7 0, L_0000000000921dc0;  1 drivers
L_0000000001516470 .array/port v000000000150db40, L_0000000001517910;
L_0000000001517910 .concat [ 6 2 0 0], L_0000000001515d90, L_0000000001518150;
S_00000000015105f0 .scope generate, "BYTE_BRAM_GEN[1]" "BYTE_BRAM_GEN[1]" 4 404, 4 404 0, S_000000000150e2c0;
 .timescale -9 -12;
P_00000000014a8fc0 .param/l "mem_byte_index" 0 4 404, +C4<01>;
L_0000000000921f10 .functor BUFZ 8, L_0000000001516510, C4<00000000>, C4<00000000>, C4<00000000>;
v000000000150fe90_0 .net *"_s1", 7 0, L_0000000001516510;  1 drivers
v000000000150e630_0 .net *"_s3", 7 0, L_00000000015161f0;  1 drivers
L_0000000001518198 .functor BUFT 1, C4<00>, C4<0>, C4<0>, C4<0>;
v0000000001510250_0 .net *"_s6", 1 0, L_0000000001518198;  1 drivers
v000000000150fb70 .array "byte_ram", 63 0, 7 0;
v000000000150eb30_0 .net "data_in", 7 0, L_00000000015160b0;  1 drivers
v000000000150f170_0 .net "data_out", 7 0, L_0000000000921f10;  1 drivers
L_0000000001516510 .array/port v000000000150fb70, L_00000000015161f0;
L_00000000015161f0 .concat [ 6 2 0 0], L_0000000001515d90, L_0000000001518198;
S_0000000001510780 .scope generate, "BYTE_BRAM_GEN[2]" "BYTE_BRAM_GEN[2]" 4 404, 4 404 0, S_000000000150e2c0;
 .timescale -9 -12;
P_00000000014a82c0 .param/l "mem_byte_index" 0 4 404, +C4<010>;
L_00000000008e1b60 .functor BUFZ 8, L_0000000001516290, C4<00000000>, C4<00000000>, C4<00000000>;
v000000000150fa30_0 .net *"_s1", 7 0, L_0000000001516290;  1 drivers
v000000000150fad0_0 .net *"_s3", 7 0, L_0000000001516330;  1 drivers
L_00000000015181e0 .functor BUFT 1, C4<00>, C4<0>, C4<0>, C4<0>;
v000000000150f350_0 .net *"_s6", 1 0, L_00000000015181e0;  1 drivers
v0000000001510430 .array "byte_ram", 63 0, 7 0;
v000000000150eef0_0 .net "data_in", 7 0, L_0000000001516150;  1 drivers
v00000000015104d0_0 .net "data_out", 7 0, L_00000000008e1b60;  1 drivers
L_0000000001516290 .array/port v0000000001510430, L_0000000001516330;
L_0000000001516330 .concat [ 6 2 0 0], L_0000000001515d90, L_00000000015181e0;
S_0000000001510910 .scope generate, "BYTE_BRAM_GEN[3]" "BYTE_BRAM_GEN[3]" 4 404, 4 404 0, S_000000000150e2c0;
 .timescale -9 -12;
P_00000000014a8c40 .param/l "mem_byte_index" 0 4 404, +C4<011>;
L_00000000008e1540 .functor BUFZ 8, L_00000000015170f0, C4<00000000>, C4<00000000>, C4<00000000>;
v000000000150ff30_0 .net *"_s1", 7 0, L_00000000015170f0;  1 drivers
v000000000150f3f0_0 .net *"_s3", 7 0, L_0000000001516790;  1 drivers
L_0000000001518228 .functor BUFT 1, C4<00>, C4<0>, C4<0>, C4<0>;
v000000000150ffd0_0 .net *"_s6", 1 0, L_0000000001518228;  1 drivers
v0000000001510070 .array "byte_ram", 63 0, 7 0;
v000000000150f850_0 .net "data_in", 7 0, L_0000000001515cf0;  1 drivers
v000000000150e8b0_0 .net "data_out", 7 0, L_00000000008e1540;  1 drivers
L_00000000015170f0 .array/port v0000000001510070, L_0000000001516790;
L_0000000001516790 .concat [ 6 2 0 0], L_0000000001515d90, L_0000000001518228;
S_0000000001510aa0 .scope generate, "genblk1" "genblk1" 4 389, 4 389 0, S_000000000092ece0;
 .timescale -9 -12;
v000000000150f490_0 .net *"_s0", 5 0, L_0000000001517410;  1 drivers
v0000000001510390_0 .net *"_s1", 5 0, L_0000000001515f70;  1 drivers
v000000000150f8f0_0 .net/2u *"_s2", 5 0, L_0000000001518108;  1 drivers
S_0000000001510c30 .scope begin, "incr" "incr" 4 321, 4 321 0, S_000000000092ece0;
 .timescale -9 -12;
S_0000000001510dc0 .scope begin, "norm" "norm" 4 317, 4 317 0, S_000000000092ece0;
 .timescale -9 -12;
S_0000000001510f50 .scope begin, "wrapping" "wrapping" 4 326, 4 326 0, S_000000000092ece0;
 .timescale -9 -12;
S_00000000015130f0 .scope task, "start_read" "start_read" 2 57, 2 57 0, S_000000000092e4f0;
 .timescale -9 -12;
TD_AXI_TB.start_read ;
    %pushi/vec4 2, 0, 2;
    %store/vec4 v00000000015177d0_0, 0, 2;
    %pushi/vec4 1, 0, 1;
    %store/vec4 v0000000001517870_0, 0, 1;
    %delay 50000, 0;
    %pushi/vec4 0, 0, 1;
    %store/vec4 v0000000001517870_0, 0, 1;
    %end;
S_0000000001515720 .scope task, "start_write" "start_write" 2 48, 2 48 0, S_000000000092e4f0;
 .timescale -9 -12;
TD_AXI_TB.start_write ;
    %pushi/vec4 1, 0, 2;
    %store/vec4 v00000000015177d0_0, 0, 2;
    %pushi/vec4 1, 0, 1;
    %store/vec4 v0000000001517870_0, 0, 1;
    %delay 50000, 0;
    %pushi/vec4 0, 0, 1;
    %store/vec4 v0000000001517870_0, 0, 1;
    %end;
    .scope S_00000000008ae4e0;
T_3 ;
    %wait E_00000000014a8780;
    %load/vec4 v000000000090be20_0;
    %pad/u 32;
    %cmpi/e 0, 0, 32;
    %jmp/0xz  T_3.0, 4;
    %pushi/vec4 0, 0, 1;
    %assign/vec4 v000000000150c420_0, 0;
    %pushi/vec4 0, 0, 1;
    %assign/vec4 v000000000150c9c0_0, 0;
    %jmp T_3.1;
T_3.0 ;
    %load/vec4 v000000000150d140_0;
    %assign/vec4 v000000000150c420_0, 0;
    %load/vec4 v000000000150c420_0;
    %assign/vec4 v000000000150c9c0_0, 0;
T_3.1 ;
    %jmp T_3;
    .thread T_3;
    .scope S_00000000008ae4e0;
T_4 ;
    %wait E_00000000014a8780;
    %load/vec4 v000000000090be20_0;
    %pad/u 32;
    %cmpi/e 0, 0, 32;
    %jmp/0xz  T_4.0, 4;
    %pushi/vec4 0, 0, 1;
    %assign/vec4 v00000000009212d0_0, 0;
    %jmp T_4.1;
T_4.0 ;
    %load/vec4 v00000000009212d0_0;
    %inv;
    %load/vec4 v000000000150dc80_0;
    %and;
    %flag_set/vec4 8;
    %jmp/0xz  T_4.2, 8;
    %pushi/vec4 1, 0, 1;
    %assign/vec4 v00000000009212d0_0, 0;
    %jmp T_4.3;
T_4.2 ;
    %load/vec4 v000000000150c740_0;
    %load/vec4 v00000000009212d0_0;
    %and;
    %flag_set/vec4 8;
    %jmp/0xz  T_4.4, 8;
    %pushi/vec4 0, 0, 1;
    %assign/vec4 v00000000009212d0_0, 0;
    %jmp T_4.5;
T_4.4 ;
    %load/vec4 v00000000009212d0_0;
    %assign/vec4 v00000000009212d0_0, 0;
T_4.5 ;
T_4.3 ;
T_4.1 ;
    %jmp T_4;
    .thread T_4;
    .scope S_00000000008ae4e0;
T_5 ;
    %wait E_00000000014a8780;
    %load/vec4 v000000000090be20_0;
    %pad/u 32;
    %cmpi/e 0, 0, 32;
    %jmp/0xz  T_5.0, 4;
    %pushi/vec4 0, 0, 32;
    %assign/vec4 v0000000000920010_0, 0;
    %jmp T_5.1;
T_5.0 ;
    %load/vec4 v000000000150c740_0;
    %load/vec4 v00000000009212d0_0;
    %and;
    %flag_set/vec4 8;
    %jmp/0xz  T_5.2, 8;
    %load/vec4 v0000000000920010_0;
    %load/vec4 v000000000090b880_0;
    %pad/u 32;
    %add;
    %assign/vec4 v0000000000920010_0, 0;
    %jmp T_5.3;
T_5.2 ;
    %load/vec4 v0000000000920010_0;
    %assign/vec4 v0000000000920010_0, 0;
T_5.3 ;
T_5.1 ;
    %jmp T_5;
    .thread T_5;
    .scope S_00000000008ae4e0;
T_6 ;
    %wait E_00000000014a8780;
    %load/vec4 v000000000090be20_0;
    %pad/u 32;
    %cmpi/e 0, 0, 32;
    %jmp/0xz  T_6.0, 4;
    %pushi/vec4 0, 0, 1;
    %assign/vec4 v000000000090b4c0_0, 0;
    %jmp T_6.1;
T_6.0 ;
    %load/vec4 v000000000090b4c0_0;
    %inv;
    %load/vec4 v000000000150dc80_0;
    %and;
    %flag_set/vec4 8;
    %jmp/0xz  T_6.2, 8;
    %pushi/vec4 1, 0, 1;
    %assign/vec4 v000000000090b4c0_0, 0;
    %jmp T_6.3;
T_6.2 ;
    %load/vec4 v000000000150ce20_0;
    %load/vec4 v000000000090b4c0_0;
    %and;
    %load/vec4 v000000000090b7e0_0;
    %and;
    %flag_set/vec4 8;
    %jmp/0xz  T_6.4, 8;
    %pushi/vec4 0, 0, 1;
    %assign/vec4 v000000000090b4c0_0, 0;
    %jmp T_6.5;
T_6.4 ;
    %load/vec4 v000000000090b4c0_0;
    %assign/vec4 v000000000090b4c0_0, 0;
T_6.5 ;
T_6.3 ;
T_6.1 ;
    %jmp T_6;
    .thread T_6;
    .scope S_00000000008ae4e0;
T_7 ;
    %wait E_00000000014a8780;
    %load/vec4 v000000000090be20_0;
    %pad/u 32;
    %cmpi/e 0, 0, 32;
    %jmp/0xz  T_7.0, 4;
    %pushi/vec4 0, 0, 1;
    %assign/vec4 v000000000090b7e0_0, 0;
    %jmp T_7.1;
T_7.0 ;
    %load/vec4 v000000000150d640_0;
    %pad/u 32;
    %pushi/vec4 14, 0, 32;
    %cmp/e;
    %flag_get/vec4 4;
    %pushi/vec4 1, 0, 1;
    %and;
    %load/vec4 v000000000150ce20_0;
    %load/vec4 v000000000090b4c0_0;
    %and;
    %and;
    %flag_set/vec4 8;
    %pushi/vec4 0, 0, 1;
    %flag_set/vec4 9;
    %flag_or 9, 8;
    %jmp/0xz  T_7.2, 9;
    %pushi/vec4 1, 0, 1;
    %assign/vec4 v000000000090b7e0_0, 0;
    %jmp T_7.3;
T_7.2 ;
    %load/vec4 v000000000150ce20_0;
    %load/vec4 v000000000090b4c0_0;
    %and;
    %flag_set/vec4 8;
    %jmp/0xz  T_7.4, 8;
    %pushi/vec4 0, 0, 1;
    %assign/vec4 v000000000090b7e0_0, 0;
    %jmp T_7.5;
T_7.4 ;
    %load/vec4 v000000000090b7e0_0;
    %pushi/vec4 0, 0, 1;
    %and;
    %flag_set/vec4 8;
    %jmp/0xz  T_7.6, 8;
    %pushi/vec4 0, 0, 1;
    %assign/vec4 v000000000090b7e0_0, 0;
    %jmp T_7.7;
T_7.6 ;
    %load/vec4 v000000000090b7e0_0;
    %assign/vec4 v000000000090b7e0_0, 0;
T_7.7 ;
T_7.5 ;
T_7.3 ;
T_7.1 ;
    %jmp T_7;
    .thread T_7;
    .scope S_00000000008ae4e0;
T_8 ;
    %wait E_00000000014a8780;
    %load/vec4 v000000000090be20_0;
    %pad/u 32;
    %cmpi/e 0, 0, 32;
    %flag_mov 8, 4;
    %load/vec4 v000000000150dc80_0;
    %cmpi/e 1, 0, 1;
    %flag_or 4, 8;
    %jmp/0xz  T_8.0, 4;
    %pushi/vec4 0, 0, 5;
    %assign/vec4 v000000000150d640_0, 0;
    %jmp T_8.1;
T_8.0 ;
    %load/vec4 v000000000150ce20_0;
    %load/vec4 v000000000090b4c0_0;
    %and;
    %load/vec4 v000000000150d640_0;
    %pad/u 32;
    %pushi/vec4 15, 0, 32;
    %cmp/ne;
    %flag_get/vec4 4;
    %and;
    %flag_set/vec4 8;
    %jmp/0xz  T_8.2, 8;
    %load/vec4 v000000000150d640_0;
    %addi 1, 0, 5;
    %assign/vec4 v000000000150d640_0, 0;
    %jmp T_8.3;
T_8.2 ;
    %load/vec4 v000000000150d640_0;
    %assign/vec4 v000000000150d640_0, 0;
T_8.3 ;
T_8.1 ;
    %jmp T_8;
    .thread T_8;
    .scope S_00000000008ae4e0;
T_9 ;
    %wait E_00000000014a8780;
    %load/vec4 v000000000090be20_0;
    %pad/u 32;
    %cmpi/e 0, 0, 32;
    %jmp/0xz  T_9.0, 4;
    %pushi/vec4 0, 0, 32;
    %assign/vec4 v000000000090c820_0, 0;
    %jmp T_9.1;
T_9.0 ;
    %load/vec4 v000000000150ce20_0;
    %load/vec4 v000000000090b4c0_0;
    %and;
    %flag_set/vec4 8;
    %jmp/0xz  T_9.2, 8;
    %load/vec4 v000000000090c820_0;
    %addi 1, 0, 32;
    %assign/vec4 v000000000090c820_0, 0;
    %jmp T_9.3;
T_9.2 ;
    %load/vec4 v000000000090c820_0;
    %assign/vec4 v000000000090c820_0, 0;
T_9.3 ;
T_9.1 ;
    %jmp T_9;
    .thread T_9;
    .scope S_00000000008ae4e0;
T_10 ;
    %wait E_00000000014a8780;
    %load/vec4 v000000000090be20_0;
    %pad/u 32;
    %cmpi/e 0, 0, 32;
    %jmp/0xz  T_10.0, 4;
    %pushi/vec4 0, 0, 1;
    %assign/vec4 v0000000000921370_0, 0;
    %jmp T_10.1;
T_10.0 ;
    %load/vec4 v000000000150c7e0_0;
    %load/vec4 v0000000000921370_0;
    %inv;
    %and;
    %flag_set/vec4 8;
    %jmp/0xz  T_10.2, 8;
    %pushi/vec4 1, 0, 1;
    %assign/vec4 v0000000000921370_0, 0;
    %jmp T_10.3;
T_10.2 ;
    %load/vec4 v0000000000921370_0;
    %flag_set/vec4 8;
    %jmp/0xz  T_10.4, 8;
    %pushi/vec4 0, 0, 1;
    %assign/vec4 v0000000000921370_0, 0;
    %jmp T_10.5;
T_10.4 ;
    %load/vec4 v0000000000921370_0;
    %assign/vec4 v0000000000921370_0, 0;
T_10.5 ;
T_10.3 ;
T_10.1 ;
    %jmp T_10;
    .thread T_10;
    .scope S_00000000008ae4e0;
T_11 ;
    %wait E_00000000014a8780;
    %load/vec4 v000000000090be20_0;
    %pad/u 32;
    %cmpi/e 0, 0, 32;
    %jmp/0xz  T_11.0, 4;
    %pushi/vec4 0, 0, 1;
    %assign/vec4 v0000000000921230_0, 0;
    %jmp T_11.1;
T_11.0 ;
    %load/vec4 v0000000000921230_0;
    %inv;
    %load/vec4 v000000000150cf60_0;
    %and;
    %flag_set/vec4 8;
    %jmp/0xz  T_11.2, 8;
    %pushi/vec4 1, 0, 1;
    %assign/vec4 v0000000000921230_0, 0;
    %jmp T_11.3;
T_11.2 ;
    %load/vec4 v000000000150d1e0_0;
    %load/vec4 v0000000000921230_0;
    %and;
    %flag_set/vec4 8;
    %jmp/0xz  T_11.4, 8;
    %pushi/vec4 0, 0, 1;
    %assign/vec4 v0000000000921230_0, 0;
    %jmp T_11.5;
T_11.4 ;
    %load/vec4 v0000000000921230_0;
    %assign/vec4 v0000000000921230_0, 0;
T_11.5 ;
T_11.3 ;
T_11.1 ;
    %jmp T_11;
    .thread T_11;
    .scope S_00000000008ae4e0;
T_12 ;
    %wait E_00000000014a8780;
    %load/vec4 v000000000090be20_0;
    %pad/u 32;
    %cmpi/e 0, 0, 32;
    %jmp/0xz  T_12.0, 4;
    %pushi/vec4 0, 0, 32;
    %assign/vec4 v0000000000921190_0, 0;
    %jmp T_12.1;
T_12.0 ;
    %load/vec4 v000000000150d1e0_0;
    %load/vec4 v0000000000921230_0;
    %and;
    %flag_set/vec4 8;
    %jmp/0xz  T_12.2, 8;
    %load/vec4 v0000000000921190_0;
    %load/vec4 v000000000090b880_0;
    %pad/u 32;
    %add;
    %assign/vec4 v0000000000921190_0, 0;
    %jmp T_12.3;
T_12.2 ;
    %load/vec4 v0000000000921190_0;
    %assign/vec4 v0000000000921190_0, 0;
T_12.3 ;
T_12.1 ;
    %jmp T_12;
    .thread T_12;
    .scope S_00000000008ae4e0;
T_13 ;
    %wait E_00000000014a8780;
    %load/vec4 v000000000090be20_0;
    %pad/u 32;
    %cmpi/e 0, 0, 32;
    %flag_mov 8, 4;
    %load/vec4 v000000000150cf60_0;
    %flag_set/vec4 9;
    %flag_or 9, 8;
    %jmp/0xz  T_13.0, 9;
    %pushi/vec4 0, 0, 5;
    %assign/vec4 v000000000150c1a0_0, 0;
    %jmp T_13.1;
T_13.0 ;
    %load/vec4 v000000000150dbe0_0;
    %load/vec4 v0000000000921410_0;
    %and;
    %load/vec4 v000000000150c1a0_0;
    %pad/u 32;
    %pushi/vec4 15, 0, 32;
    %cmp/ne;
    %flag_get/vec4 4;
    %and;
    %flag_set/vec4 8;
    %jmp/0xz  T_13.2, 8;
    %load/vec4 v000000000150c1a0_0;
    %addi 1, 0, 5;
    %assign/vec4 v000000000150c1a0_0, 0;
    %jmp T_13.3;
T_13.2 ;
    %load/vec4 v000000000150c1a0_0;
    %assign/vec4 v000000000150c1a0_0, 0;
T_13.3 ;
T_13.1 ;
    %jmp T_13;
    .thread T_13;
    .scope S_00000000008ae4e0;
T_14 ;
    %wait E_00000000014a8780;
    %load/vec4 v000000000090be20_0;
    %pad/u 32;
    %cmpi/e 0, 0, 32;
    %jmp/0xz  T_14.0, 4;
    %pushi/vec4 0, 0, 1;
    %assign/vec4 v0000000000921410_0, 0;
    %jmp T_14.1;
T_14.0 ;
    %load/vec4 v000000000150dbe0_0;
    %flag_set/vec4 8;
    %jmp/0xz  T_14.2, 8;
    %load/vec4 v000000000150d3c0_0;
    %load/vec4 v0000000000921410_0;
    %and;
    %flag_set/vec4 8;
    %jmp/0xz  T_14.4, 8;
    %pushi/vec4 0, 0, 1;
    %assign/vec4 v0000000000921410_0, 0;
    %jmp T_14.5;
T_14.4 ;
    %pushi/vec4 1, 0, 1;
    %assign/vec4 v0000000000921410_0, 0;
T_14.5 ;
T_14.2 ;
T_14.1 ;
    %jmp T_14;
    .thread T_14;
    .scope S_00000000008ae4e0;
T_15 ;
    %wait E_00000000014a8780;
    %load/vec4 v000000000090be20_0;
    %cmpi/e 0, 0, 1;
    %jmp/0xz  T_15.0, 4;
    %pushi/vec4 0, 0, 2;
    %assign/vec4 v000000000150cc40_0, 0;
    %pushi/vec4 0, 0, 1;
    %assign/vec4 v000000000150dc80_0, 0;
    %pushi/vec4 0, 0, 1;
    %assign/vec4 v000000000150cf60_0, 0;
    %jmp T_15.1;
T_15.0 ;
    %load/vec4 v000000000150cc40_0;
    %dup/vec4;
    %pushi/vec4 0, 0, 2;
    %cmp/u;
    %jmp/1 T_15.2, 6;
    %dup/vec4;
    %pushi/vec4 1, 0, 2;
    %cmp/u;
    %jmp/1 T_15.3, 6;
    %dup/vec4;
    %pushi/vec4 2, 0, 2;
    %cmp/u;
    %jmp/1 T_15.4, 6;
    %pushi/vec4 0, 0, 2;
    %assign/vec4 v000000000150cc40_0, 0;
    %jmp T_15.6;
T_15.2 ;
    %load/vec4 v000000000150ca60_0;
    %cmpi/e 1, 0, 1;
    %jmp/0xz  T_15.7, 4;
    %load/vec4 v000000000150cce0_0;
    %cmpi/e 1, 0, 2;
    %jmp/0xz  T_15.9, 4;
    %pushi/vec4 1, 0, 2;
    %assign/vec4 v000000000150cc40_0, 0;
    %jmp T_15.10;
T_15.9 ;
    %load/vec4 v000000000150cce0_0;
    %cmpi/e 2, 0, 2;
    %jmp/0xz  T_15.11, 4;
    %pushi/vec4 2, 0, 2;
    %assign/vec4 v000000000150cc40_0, 0;
    %jmp T_15.12;
T_15.11 ;
    %pushi/vec4 0, 0, 2;
    %assign/vec4 v000000000150cc40_0, 0;
T_15.12 ;
T_15.10 ;
    %jmp T_15.8;
T_15.7 ;
    %pushi/vec4 0, 0, 2;
    %assign/vec4 v000000000150cc40_0, 0;
T_15.8 ;
    %jmp T_15.6;
T_15.3 ;
    %load/vec4 v000000000150d000_0;
    %flag_set/vec4 8;
    %jmp/0xz  T_15.13, 8;
    %pushi/vec4 0, 0, 2;
    %assign/vec4 v000000000150cc40_0, 0;
    %jmp T_15.14;
T_15.13 ;
    %pushi/vec4 1, 0, 2;
    %assign/vec4 v000000000150cc40_0, 0;
    %load/vec4 v000000000090b240_0;
    %inv;
    %flag_set/vec4 8;
    %jmp/0xz  T_15.15, 8;
    %pushi/vec4 1, 0, 1;
    %assign/vec4 v000000000150dc80_0, 0;
    %jmp T_15.16;
T_15.15 ;
    %pushi/vec4 0, 0, 1;
    %assign/vec4 v000000000150dc80_0, 0;
T_15.16 ;
T_15.14 ;
    %jmp T_15.6;
T_15.4 ;
    %load/vec4 v000000000150d960_0;
    %flag_set/vec4 8;
    %jmp/0xz  T_15.17, 8;
    %pushi/vec4 0, 0, 2;
    %assign/vec4 v000000000150cc40_0, 0;
    %jmp T_15.18;
T_15.17 ;
    %pushi/vec4 2, 0, 2;
    %assign/vec4 v000000000150cc40_0, 0;
    %load/vec4 v000000000090b6a0_0;
    %inv;
    %flag_set/vec4 8;
    %jmp/0xz  T_15.19, 8;
    %pushi/vec4 1, 0, 1;
    %assign/vec4 v000000000150cf60_0, 0;
    %jmp T_15.20;
T_15.19 ;
    %pushi/vec4 0, 0, 1;
    %assign/vec4 v000000000150cf60_0, 0;
T_15.20 ;
T_15.18 ;
    %jmp T_15.6;
T_15.6 ;
    %pop/vec4 1;
T_15.1 ;
    %jmp T_15;
    .thread T_15;
    .scope S_00000000008ae4e0;
T_16 ;
    %wait E_00000000014a8780;
    %load/vec4 v000000000090be20_0;
    %pad/u 32;
    %cmpi/e 0, 0, 32;
    %jmp/0xz  T_16.0, 4;
    %pushi/vec4 0, 0, 1;
    %assign/vec4 v000000000090b240_0, 0;
    %jmp T_16.1;
T_16.0 ;
    %load/vec4 v000000000150dc80_0;
    %flag_set/vec4 8;
    %jmp/0xz  T_16.2, 8;
    %pushi/vec4 1, 0, 1;
    %assign/vec4 v000000000090b240_0, 0;
    %jmp T_16.3;
T_16.2 ;
    %load/vec4 v000000000150c7e0_0;
    %load/vec4 v0000000000921370_0;
    %and;
    %flag_set/vec4 8;
    %jmp/0xz  T_16.4, 8;
    %pushi/vec4 0, 0, 1;
    %assign/vec4 v000000000090b240_0, 0;
T_16.4 ;
T_16.3 ;
T_16.1 ;
    %jmp T_16;
    .thread T_16;
    .scope S_00000000008ae4e0;
T_17 ;
    %wait E_00000000014a8780;
    %load/vec4 v000000000090be20_0;
    %pad/u 32;
    %cmpi/e 0, 0, 32;
    %jmp/0xz  T_17.0, 4;
    %pushi/vec4 0, 0, 1;
    %assign/vec4 v000000000150d000_0, 0;
    %jmp T_17.1;
T_17.0 ;
    %load/vec4 v000000000150c7e0_0;
    %load/vec4 v0000000000921370_0;
    %and;
    %flag_set/vec4 8;
    %jmp/0xz  T_17.2, 8;
    %pushi/vec4 1, 0, 1;
    %assign/vec4 v000000000150d000_0, 0;
    %jmp T_17.3;
T_17.2 ;
    %pushi/vec4 0, 0, 1;
    %assign/vec4 v000000000150d000_0, 0;
T_17.3 ;
T_17.1 ;
    %jmp T_17;
    .thread T_17;
    .scope S_00000000008ae4e0;
T_18 ;
    %wait E_00000000014a8780;
    %load/vec4 v000000000090be20_0;
    %pad/u 32;
    %cmpi/e 0, 0, 32;
    %jmp/0xz  T_18.0, 4;
    %pushi/vec4 0, 0, 1;
    %assign/vec4 v000000000090b6a0_0, 0;
    %jmp T_18.1;
T_18.0 ;
    %load/vec4 v000000000150cf60_0;
    %flag_set/vec4 8;
    %jmp/0xz  T_18.2, 8;
    %pushi/vec4 1, 0, 1;
    %assign/vec4 v000000000090b6a0_0, 0;
    %jmp T_18.3;
T_18.2 ;
    %load/vec4 v000000000150dbe0_0;
    %load/vec4 v0000000000921410_0;
    %and;
    %load/vec4 v000000000150d3c0_0;
    %and;
    %flag_set/vec4 8;
    %jmp/0xz  T_18.4, 8;
    %pushi/vec4 0, 0, 1;
    %assign/vec4 v000000000090b6a0_0, 0;
T_18.4 ;
T_18.3 ;
T_18.1 ;
    %jmp T_18;
    .thread T_18;
    .scope S_00000000008ae4e0;
T_19 ;
    %wait E_00000000014a8780;
    %load/vec4 v000000000090be20_0;
    %pad/u 32;
    %cmpi/e 0, 0, 32;
    %jmp/0xz  T_19.0, 4;
    %pushi/vec4 0, 0, 1;
    %assign/vec4 v000000000150d960_0, 0;
    %jmp T_19.1;
T_19.0 ;
    %load/vec4 v000000000150dbe0_0;
    %load/vec4 v0000000000921410_0;
    %and;
    %load/vec4 v000000000150d3c0_0;
    %and;
    %flag_set/vec4 8;
    %jmp/0xz  T_19.2, 8;
    %pushi/vec4 1, 0, 1;
    %assign/vec4 v000000000150d960_0, 0;
    %jmp T_19.3;
T_19.2 ;
    %pushi/vec4 0, 0, 1;
    %assign/vec4 v000000000150d960_0, 0;
T_19.3 ;
T_19.1 ;
    %jmp T_19;
    .thread T_19;
    .scope S_000000000150e450;
T_20 ;
    %wait E_00000000014a8780;
    %load/vec4 v000000000150e950_0;
    %load/vec4 v0000000001514b60_0;
    %parti/s 1, 0, 2;
    %and;
    %flag_set/vec4 8;
    %jmp/0xz  T_20.0, 8;
    %load/vec4 v000000000150f7b0_0;
    %load/vec4 v0000000001512cb0_0;
    %pad/u 8;
    %ix/vec4 3;
    %ix/load 4, 0, 0; Constant delay
    %assign/vec4/a/d v000000000150db40, 0, 4;
T_20.0 ;
    %jmp T_20;
    .thread T_20;
    .scope S_000000000150e450;
T_21 ;
    %wait E_00000000014a8780;
    %load/vec4 v000000000150f2b0_0;
    %flag_set/vec4 8;
    %jmp/0xz  T_21.0, 8;
    %load/vec4 v000000000150f710_0;
    %ix/load 3, 0, 0;
    %flag_set/imm 4, 0;
    %ix/load 4, 0, 0; Constant delay
    %assign/vec4/a/d v0000000001512990, 0, 4;
T_21.0 ;
    %jmp T_21;
    .thread T_21;
    .scope S_00000000015105f0;
T_22 ;
    %wait E_00000000014a8780;
    %load/vec4 v000000000150e950_0;
    %load/vec4 v0000000001514b60_0;
    %parti/s 1, 1, 2;
    %and;
    %flag_set/vec4 8;
    %jmp/0xz  T_22.0, 8;
    %load/vec4 v000000000150eb30_0;
    %load/vec4 v0000000001512cb0_0;
    %pad/u 8;
    %ix/vec4 3;
    %ix/load 4, 0, 0; Constant delay
    %assign/vec4/a/d v000000000150fb70, 0, 4;
T_22.0 ;
    %jmp T_22;
    .thread T_22;
    .scope S_00000000015105f0;
T_23 ;
    %wait E_00000000014a8780;
    %load/vec4 v000000000150f2b0_0;
    %flag_set/vec4 8;
    %jmp/0xz  T_23.0, 8;
    %load/vec4 v000000000150f170_0;
    %ix/load 3, 0, 0;
    %flag_set/imm 4, 0;
    %ix/load 4, 8, 0; part off
    %ix/load 5, 0, 0; Constant delay
    %assign/vec4/a/d v0000000001512990, 4, 5;
T_23.0 ;
    %jmp T_23;
    .thread T_23;
    .scope S_0000000001510780;
T_24 ;
    %wait E_00000000014a8780;
    %load/vec4 v000000000150e950_0;
    %load/vec4 v0000000001514b60_0;
    %parti/s 1, 2, 3;
    %and;
    %flag_set/vec4 8;
    %jmp/0xz  T_24.0, 8;
    %load/vec4 v000000000150eef0_0;
    %load/vec4 v0000000001512cb0_0;
    %pad/u 8;
    %ix/vec4 3;
    %ix/load 4, 0, 0; Constant delay
    %assign/vec4/a/d v0000000001510430, 0, 4;
T_24.0 ;
    %jmp T_24;
    .thread T_24;
    .scope S_0000000001510780;
T_25 ;
    %wait E_00000000014a8780;
    %load/vec4 v000000000150f2b0_0;
    %flag_set/vec4 8;
    %jmp/0xz  T_25.0, 8;
    %load/vec4 v00000000015104d0_0;
    %ix/load 3, 0, 0;
    %flag_set/imm 4, 0;
    %ix/load 4, 16, 0; part off
    %ix/load 5, 0, 0; Constant delay
    %assign/vec4/a/d v0000000001512990, 4, 5;
T_25.0 ;
    %jmp T_25;
    .thread T_25;
    .scope S_0000000001510910;
T_26 ;
    %wait E_00000000014a8780;
    %load/vec4 v000000000150e950_0;
    %load/vec4 v0000000001514b60_0;
    %parti/s 1, 3, 3;
    %and;
    %flag_set/vec4 8;
    %jmp/0xz  T_26.0, 8;
    %load/vec4 v000000000150f850_0;
    %load/vec4 v0000000001512cb0_0;
    %pad/u 8;
    %ix/vec4 3;
    %ix/load 4, 0, 0; Constant delay
    %assign/vec4/a/d v0000000001510070, 0, 4;
T_26.0 ;
    %jmp T_26;
    .thread T_26;
    .scope S_0000000001510910;
T_27 ;
    %wait E_00000000014a8780;
    %load/vec4 v000000000150f2b0_0;
    %flag_set/vec4 8;
    %jmp/0xz  T_27.0, 8;
    %load/vec4 v000000000150e8b0_0;
    %ix/load 3, 0, 0;
    %flag_set/imm 4, 0;
    %ix/load 4, 24, 0; part off
    %ix/load 5, 0, 0; Constant delay
    %assign/vec4/a/d v0000000001512990, 4, 5;
T_27.0 ;
    %jmp T_27;
    .thread T_27;
    .scope S_000000000092ece0;
T_28 ;
    %end;
    .thread T_28;
    .scope S_000000000092ece0;
T_29 ;
    %wait E_00000000014a8780;
    %load/vec4 v00000000015123f0_0;
    %inv;
    %flag_set/vec4 8;
    %jmp/0xz  T_29.0, 8;
    %pushi/vec4 0, 0, 1;
    %assign/vec4 v0000000001512170_0, 0;
    %pushi/vec4 0, 0, 1;
    %assign/vec4 v00000000015119f0_0, 0;
    %jmp T_29.1;
T_29.0 ;
    %load/vec4 v0000000001512170_0;
    %inv;
    %load/vec4 v0000000001511d10_0;
    %and;
    %load/vec4 v00000000015119f0_0;
    %inv;
    %and;
    %flag_set/vec4 8;
    %jmp/0xz  T_29.2, 8;
    %pushi/vec4 1, 0, 1;
    %assign/vec4 v0000000001512170_0, 0;
    %pushi/vec4 1, 0, 1;
    %assign/vec4 v00000000015119f0_0, 0;
    %jmp T_29.3;
T_29.2 ;
    %load/vec4 v0000000001514ac0_0;
    %load/vec4 v0000000001512ad0_0;
    %and;
    %flag_set/vec4 8;
    %jmp/0xz  T_29.4, 8;
    %pushi/vec4 0, 0, 1;
    %assign/vec4 v00000000015119f0_0, 0;
    %jmp T_29.5;
T_29.4 ;
    %pushi/vec4 0, 0, 1;
    %assign/vec4 v0000000001512170_0, 0;
T_29.5 ;
T_29.3 ;
T_29.1 ;
    %jmp T_29;
    .thread T_29;
    .scope S_000000000092ece0;
T_30 ;
    %wait E_00000000014a8780;
    %load/vec4 v00000000015123f0_0;
    %inv;
    %flag_set/vec4 8;
    %jmp/0xz  T_30.0, 8;
    %pushi/vec4 0, 0, 32;
    %assign/vec4 v000000000150edb0_0, 0;
    %pushi/vec4 0, 0, 8;
    %assign/vec4 v0000000001513d00_0, 0;
    %pushi/vec4 0, 0, 2;
    %assign/vec4 v00000000015101b0_0, 0;
    %pushi/vec4 0, 0, 8;
    %assign/vec4 v00000000015120d0_0, 0;
    %jmp T_30.1;
T_30.0 ;
    %load/vec4 v0000000001512170_0;
    %inv;
    %load/vec4 v0000000001511d10_0;
    %and;
    %load/vec4 v00000000015119f0_0;
    %inv;
    %and;
    %flag_set/vec4 8;
    %jmp/0xz  T_30.2, 8;
    %load/vec4 v00000000015111d0_0;
    %assign/vec4 v000000000150edb0_0, 0;
    %load/vec4 v0000000001512710_0;
    %assign/vec4 v00000000015101b0_0, 0;
    %load/vec4 v0000000001511b30_0;
    %assign/vec4 v00000000015120d0_0, 0;
    %pushi/vec4 0, 0, 8;
    %assign/vec4 v0000000001513d00_0, 0;
    %jmp T_30.3;
T_30.2 ;
    %load/vec4 v0000000001513d00_0;
    %load/vec4 v00000000015120d0_0;
    %cmp/u;
    %flag_get/vec4 4;
    %flag_get/vec4 5;
    %or;
    %load/vec4 v0000000001512ad0_0;
    %and;
    %load/vec4 v0000000001513bc0_0;
    %and;
    %flag_set/vec4 8;
    %jmp/0xz  T_30.4, 8;
    %load/vec4 v0000000001513d00_0;
    %addi 1, 0, 8;
    %assign/vec4 v0000000001513d00_0, 0;
    %load/vec4 v00000000015101b0_0;
    %dup/vec4;
    %pushi/vec4 0, 0, 2;
    %cmp/u;
    %jmp/1 T_30.6, 6;
    %dup/vec4;
    %pushi/vec4 1, 0, 2;
    %cmp/u;
    %jmp/1 T_30.7, 6;
    %dup/vec4;
    %pushi/vec4 2, 0, 2;
    %cmp/u;
    %jmp/1 T_30.8, 6;
    %load/vec4 v000000000150edb0_0;
    %parti/s 30, 2, 3;
    %addi 1, 0, 30;
    %ix/load 4, 2, 0;
    %ix/load 5, 0, 0;
    %flag_set/imm 4, 0;
    %assign/vec4/off/d v000000000150edb0_0, 4, 5;
    %jmp T_30.10;
T_30.6 ;
    %load/vec4 v000000000150edb0_0;
    %assign/vec4 v000000000150edb0_0, 0;
    %jmp T_30.10;
T_30.7 ;
    %load/vec4 v000000000150edb0_0;
    %parti/s 30, 2, 3;
    %addi 1, 0, 30;
    %ix/load 4, 2, 0;
    %ix/load 5, 0, 0;
    %flag_set/imm 4, 0;
    %assign/vec4/off/d v000000000150edb0_0, 4, 5;
    %pushi/vec4 0, 0, 2;
    %ix/load 4, 0, 0;
    %ix/load 5, 0, 0;
    %flag_set/imm 4, 0;
    %assign/vec4/off/d v000000000150edb0_0, 4, 5;
    %jmp T_30.10;
T_30.8 ;
    %load/vec4 v000000000150f210_0;
    %flag_set/vec4 8;
    %jmp/0xz  T_30.11, 8;
    %load/vec4 v000000000150edb0_0;
    %load/vec4 v000000000150ee50_0;
    %sub;
    %assign/vec4 v000000000150edb0_0, 0;
    %jmp T_30.12;
T_30.11 ;
    %load/vec4 v000000000150edb0_0;
    %parti/s 30, 2, 3;
    %addi 1, 0, 30;
    %ix/load 4, 2, 0;
    %ix/load 5, 0, 0;
    %flag_set/imm 4, 0;
    %assign/vec4/off/d v000000000150edb0_0, 4, 5;
    %pushi/vec4 0, 0, 2;
    %ix/load 4, 0, 0;
    %ix/load 5, 0, 0;
    %flag_set/imm 4, 0;
    %assign/vec4/off/d v000000000150edb0_0, 4, 5;
T_30.12 ;
    %jmp T_30.10;
T_30.10 ;
    %pop/vec4 1;
T_30.4 ;
T_30.3 ;
T_30.1 ;
    %jmp T_30;
    .thread T_30;
    .scope S_000000000092ece0;
T_31 ;
    %wait E_00000000014a8780;
    %load/vec4 v00000000015123f0_0;
    %cmpi/e 0, 0, 1;
    %jmp/0xz  T_31.0, 4;
    %pushi/vec4 0, 0, 1;
    %assign/vec4 v0000000001512ad0_0, 0;
    %jmp T_31.1;
T_31.0 ;
    %load/vec4 v0000000001512ad0_0;
    %inv;
    %load/vec4 v0000000001513bc0_0;
    %and;
    %load/vec4 v00000000015119f0_0;
    %and;
    %flag_set/vec4 8;
    %jmp/0xz  T_31.2, 8;
    %pushi/vec4 1, 0, 1;
    %assign/vec4 v0000000001512ad0_0, 0;
    %jmp T_31.3;
T_31.2 ;
    %load/vec4 v0000000001514ac0_0;
    %load/vec4 v0000000001512ad0_0;
    %and;
    %flag_set/vec4 8;
    %jmp/0xz  T_31.4, 8;
    %pushi/vec4 0, 0, 1;
    %assign/vec4 v0000000001512ad0_0, 0;
T_31.4 ;
T_31.3 ;
T_31.1 ;
    %jmp T_31;
    .thread T_31;
    .scope S_000000000092ece0;
T_32 ;
    %wait E_00000000014a8780;
    %load/vec4 v00000000015123f0_0;
    %inv;
    %flag_set/vec4 8;
    %jmp/0xz  T_32.0, 8;
    %pushi/vec4 0, 0, 1;
    %assign/vec4 v00000000015122b0_0, 0;
    %pushi/vec4 0, 0, 2;
    %assign/vec4 v0000000001512df0_0, 0;
    %jmp T_32.1;
T_32.0 ;
    %load/vec4 v00000000015119f0_0;
    %load/vec4 v0000000001512ad0_0;
    %and;
    %load/vec4 v0000000001513bc0_0;
    %and;
    %load/vec4 v00000000015122b0_0;
    %inv;
    %and;
    %load/vec4 v0000000001514ac0_0;
    %and;
    %flag_set/vec4 8;
    %jmp/0xz  T_32.2, 8;
    %pushi/vec4 1, 0, 1;
    %assign/vec4 v00000000015122b0_0, 0;
    %pushi/vec4 0, 0, 2;
    %assign/vec4 v0000000001512df0_0, 0;
    %jmp T_32.3;
T_32.2 ;
    %load/vec4 v00000000015113b0_0;
    %load/vec4 v00000000015122b0_0;
    %and;
    %flag_set/vec4 8;
    %jmp/0xz  T_32.4, 8;
    %pushi/vec4 0, 0, 1;
    %assign/vec4 v00000000015122b0_0, 0;
    %jmp T_32.5;
T_32.4 ;
    %load/vec4 v00000000015122b0_0;
    %assign/vec4 v00000000015122b0_0, 0;
T_32.5 ;
T_32.3 ;
T_32.1 ;
    %jmp T_32;
    .thread T_32;
    .scope S_000000000092ece0;
T_33 ;
    %wait E_00000000014a8780;
    %load/vec4 v00000000015123f0_0;
    %inv;
    %flag_set/vec4 8;
    %jmp/0xz  T_33.0, 8;
    %pushi/vec4 0, 0, 1;
    %assign/vec4 v0000000001510110_0, 0;
    %pushi/vec4 0, 0, 1;
    %assign/vec4 v0000000001512d50_0, 0;
    %jmp T_33.1;
T_33.0 ;
    %load/vec4 v0000000001510110_0;
    %inv;
    %load/vec4 v0000000001511770_0;
    %and;
    %load/vec4 v0000000001512d50_0;
    %inv;
    %and;
    %load/vec4 v00000000015119f0_0;
    %inv;
    %and;
    %flag_set/vec4 8;
    %jmp/0xz  T_33.2, 8;
    %pushi/vec4 1, 0, 1;
    %assign/vec4 v0000000001510110_0, 0;
    %pushi/vec4 1, 0, 1;
    %assign/vec4 v0000000001512d50_0, 0;
    %jmp T_33.3;
T_33.2 ;
    %load/vec4 v0000000001512210_0;
    %load/vec4 v0000000001511f90_0;
    %and;
    %load/vec4 v0000000001511310_0;
    %load/vec4 v00000000015102f0_0;
    %cmp/e;
    %flag_get/vec4 4;
    %and;
    %flag_set/vec4 8;
    %jmp/0xz  T_33.4, 8;
    %pushi/vec4 0, 0, 1;
    %assign/vec4 v0000000001512d50_0, 0;
    %jmp T_33.5;
T_33.4 ;
    %pushi/vec4 0, 0, 1;
    %assign/vec4 v0000000001510110_0, 0;
    %load/vec4 v0000000001512d50_0;
    %assign/vec4 v0000000001512d50_0, 0;
T_33.5 ;
T_33.3 ;
T_33.1 ;
    %jmp T_33;
    .thread T_33;
    .scope S_000000000092ece0;
T_34 ;
    %wait E_00000000014a8780;
    %load/vec4 v00000000015123f0_0;
    %inv;
    %flag_set/vec4 8;
    %jmp/0xz  T_34.0, 8;
    %pushi/vec4 0, 0, 32;
    %assign/vec4 v000000000150ea90_0, 0;
    %pushi/vec4 0, 0, 2;
    %assign/vec4 v000000000150ed10_0, 0;
    %pushi/vec4 0, 0, 8;
    %assign/vec4 v00000000015102f0_0, 0;
    %pushi/vec4 0, 0, 8;
    %assign/vec4 v0000000001511310_0, 0;
    %pushi/vec4 0, 0, 1;
    %assign/vec4 v0000000001512530_0, 0;
    %jmp T_34.1;
T_34.0 ;
    %load/vec4 v0000000001510110_0;
    %inv;
    %load/vec4 v0000000001511770_0;
    %and;
    %load/vec4 v0000000001512d50_0;
    %inv;
    %and;
    %flag_set/vec4 8;
    %jmp/0xz  T_34.2, 8;
    %load/vec4 v0000000001512350_0;
    %assign/vec4 v000000000150ea90_0, 0;
    %load/vec4 v0000000001511c70_0;
    %assign/vec4 v000000000150ed10_0, 0;
    %load/vec4 v00000000015114f0_0;
    %assign/vec4 v00000000015102f0_0, 0;
    %pushi/vec4 0, 0, 8;
    %assign/vec4 v0000000001511310_0, 0;
    %pushi/vec4 0, 0, 1;
    %assign/vec4 v0000000001512530_0, 0;
    %jmp T_34.3;
T_34.2 ;
    %load/vec4 v0000000001512210_0;
    %load/vec4 v0000000001511f90_0;
    %and;
    %load/vec4 v0000000001511310_0;
    %load/vec4 v00000000015102f0_0;
    %cmp/u;
    %flag_get/vec4 4;
    %flag_get/vec4 5;
    %or;
    %and;
    %flag_set/vec4 8;
    %jmp/0xz  T_34.4, 8;
    %load/vec4 v0000000001511310_0;
    %addi 1, 0, 8;
    %assign/vec4 v0000000001511310_0, 0;
    %pushi/vec4 0, 0, 1;
    %assign/vec4 v0000000001512530_0, 0;
    %load/vec4 v000000000150ed10_0;
    %dup/vec4;
    %pushi/vec4 0, 0, 2;
    %cmp/u;
    %jmp/1 T_34.6, 6;
    %dup/vec4;
    %pushi/vec4 1, 0, 2;
    %cmp/u;
    %jmp/1 T_34.7, 6;
    %dup/vec4;
    %pushi/vec4 2, 0, 2;
    %cmp/u;
    %jmp/1 T_34.8, 6;
    %load/vec4 v000000000150ea90_0;
    %parti/s 30, 2, 3;
    %pad/u 32;
    %addi 1, 0, 32;
    %assign/vec4 v000000000150ea90_0, 0;
    %jmp T_34.10;
T_34.6 ;
    %fork t_1, S_0000000001510dc0;
    %jmp t_0;
    .scope S_0000000001510dc0;
t_1 ;
    %load/vec4 v000000000150ea90_0;
    %assign/vec4 v000000000150ea90_0, 0;
    %end;
    .scope S_000000000092ece0;
t_0 %join;
    %jmp T_34.10;
T_34.7 ;
    %fork t_3, S_0000000001510c30;
    %jmp t_2;
    .scope S_0000000001510c30;
t_3 ;
    %load/vec4 v000000000150ea90_0;
    %parti/s 30, 2, 3;
    %addi 1, 0, 30;
    %ix/load 4, 2, 0;
    %ix/load 5, 0, 0;
    %flag_set/imm 4, 0;
    %assign/vec4/off/d v000000000150ea90_0, 4, 5;
    %pushi/vec4 0, 0, 2;
    %ix/load 4, 0, 0;
    %ix/load 5, 0, 0;
    %flag_set/imm 4, 0;
    %assign/vec4/off/d v000000000150ea90_0, 4, 5;
    %end;
    .scope S_000000000092ece0;
t_2 %join;
    %jmp T_34.10;
T_34.8 ;
    %fork t_5, S_0000000001510f50;
    %jmp t_4;
    .scope S_0000000001510f50;
t_5 ;
    %load/vec4 v000000000150f0d0_0;
    %flag_set/vec4 8;
    %jmp/0xz  T_34.11, 8;
    %load/vec4 v000000000150ea90_0;
    %load/vec4 v000000000150e9f0_0;
    %sub;
    %assign/vec4 v000000000150ea90_0, 0;
    %jmp T_34.12;
T_34.11 ;
    %load/vec4 v000000000150ea90_0;
    %parti/s 30, 2, 3;
    %addi 1, 0, 30;
    %ix/load 4, 2, 0;
    %ix/load 5, 0, 0;
    %flag_set/imm 4, 0;
    %assign/vec4/off/d v000000000150ea90_0, 4, 5;
    %pushi/vec4 0, 0, 2;
    %ix/load 4, 0, 0;
    %ix/load 5, 0, 0;
    %flag_set/imm 4, 0;
    %assign/vec4/off/d v000000000150ea90_0, 4, 5;
T_34.12 ;
    %end;
    .scope S_000000000092ece0;
t_4 %join;
    %jmp T_34.10;
T_34.10 ;
    %pop/vec4 1;
    %jmp T_34.5;
T_34.4 ;
    %load/vec4 v0000000001511310_0;
    %load/vec4 v00000000015102f0_0;
    %cmp/e;
    %flag_get/vec4 4;
    %load/vec4 v0000000001512530_0;
    %inv;
    %and;
    %load/vec4 v0000000001512d50_0;
    %and;
    %flag_set/vec4 8;
    %jmp/0xz  T_34.13, 8;
    %pushi/vec4 1, 0, 1;
    %assign/vec4 v0000000001512530_0, 0;
    %jmp T_34.14;
T_34.13 ;
    %load/vec4 v0000000001511f90_0;
    %flag_set/vec4 8;
    %jmp/0xz  T_34.15, 8;
    %pushi/vec4 0, 0, 1;
    %assign/vec4 v0000000001512530_0, 0;
T_34.15 ;
T_34.14 ;
T_34.5 ;
T_34.3 ;
T_34.1 ;
    %jmp T_34;
    .thread T_34;
    .scope S_000000000092ece0;
T_35 ;
    %wait E_00000000014a8780;
    %load/vec4 v00000000015123f0_0;
    %inv;
    %flag_set/vec4 8;
    %jmp/0xz  T_35.0, 8;
    %pushi/vec4 0, 0, 1;
    %assign/vec4 v0000000001512210_0, 0;
    %pushi/vec4 0, 0, 2;
    %assign/vec4 v0000000001511a90_0, 0;
    %jmp T_35.1;
T_35.0 ;
    %load/vec4 v0000000001512d50_0;
    %load/vec4 v0000000001512210_0;
    %inv;
    %and;
    %flag_set/vec4 8;
    %jmp/0xz  T_35.2, 8;
    %pushi/vec4 1, 0, 1;
    %assign/vec4 v0000000001512210_0, 0;
    %pushi/vec4 0, 0, 2;
    %assign/vec4 v0000000001511a90_0, 0;
    %jmp T_35.3;
T_35.2 ;
    %load/vec4 v0000000001512210_0;
    %load/vec4 v0000000001511f90_0;
    %and;
    %flag_set/vec4 8;
    %jmp/0xz  T_35.4, 8;
    %pushi/vec4 0, 0, 1;
    %assign/vec4 v0000000001512210_0, 0;
T_35.4 ;
T_35.3 ;
T_35.1 ;
    %jmp T_35;
    .thread T_35;
    .scope S_000000000092ece0;
T_36 ;
    %wait E_00000000014a8480;
    %load/vec4 v0000000001512210_0;
    %flag_set/vec4 8;
    %jmp/0xz  T_36.0, 8;
    %ix/load 4, 0, 0;
    %flag_set/imm 4, 0;
    %load/vec4a v0000000001512990, 4;
    %assign/vec4 v00000000015128f0_0, 0;
    %jmp T_36.1;
T_36.0 ;
    %pushi/vec4 0, 0, 32;
    %assign/vec4 v00000000015128f0_0, 0;
T_36.1 ;
    %jmp T_36;
    .thread T_36, $push;
    .scope S_000000000092e4f0;
T_37 ;
    %pushi/vec4 0, 0, 1;
    %store/vec4 v0000000001515100_0, 0, 1;
T_37.0 ;
    %delay 5000, 0;
    %load/vec4 v0000000001515100_0;
    %inv;
    %store/vec4 v0000000001515100_0, 0, 1;
    %jmp T_37.0;
    %end;
    .thread T_37;
    .scope S_000000000092e4f0;
T_38 ;
    %pushi/vec4 0, 0, 1;
    %store/vec4 v00000000015138a0_0, 0, 1;
    %pushi/vec4 0, 0, 1;
    %store/vec4 v0000000001517870_0, 0, 1;
    %pushi/vec4 0, 0, 2;
    %store/vec4 v00000000015177d0_0, 0, 2;
    %delay 50000, 0;
    %pushi/vec4 1, 0, 1;
    %store/vec4 v00000000015138a0_0, 0, 1;
    %delay 100000, 0;
    %fork TD_AXI_TB.start_write, S_0000000001515720;
    %join;
    %delay 500000, 0;
    %fork TD_AXI_TB.start_write, S_0000000001515720;
    %join;
    %delay 500000, 0;
    %fork TD_AXI_TB.start_read, S_00000000015130f0;
    %join;
    %delay 500000, 0;
    %fork TD_AXI_TB.start_read, S_00000000015130f0;
    %join;
    %delay 500000, 0;
    %fork TD_AXI_TB.start_write, S_0000000001515720;
    %join;
    %delay 500000, 0;
    %fork TD_AXI_TB.start_read, S_00000000015130f0;
    %join;
    %delay 500000, 0;
    %fork TD_AXI_TB.start_read, S_00000000015130f0;
    %join;
    %delay 500000, 0;
    %vpi_call 2 45 "$stop" {0 0 0};
    %end;
    .thread T_38;
    .scope S_000000000092e4f0;
T_39 ;
    %vpi_call 2 67 "$dumpfile", "easy_axi_tb.vcd" {0 0 0};
    %vpi_call 2 68 "$dumpvars" {0 0 0};
    %end;
    .thread T_39;
# The file index is used to find the file name in the following table.
:file_names 5;
    "N/A";
    "<interactive>";
    "../tb/axi_tb.v";
    "../rtl/m_axi.v";
    "../rtl/axi_ram.v";
